<?xml version="1.0" encoding="UTF-8"?>
<robot generator="Robot 7.4.1 (Python 3.13.9 on win32)" generated="2026-01-08T10:39:11.612077" rpa="false" schemaversion="5">
<suite id="s1" name="Usuarios" source="C:\repos\Automacao\Automacao_WEB5.0\Robot\Usuarios.robot">
<test id="s1-t1" name="Caso teste Exemplo" line="6">
<kw name="Acessar a interface web" owner="login_resource">
<kw name="Open Browser" owner="SeleniumLibrary">
<msg time="2026-01-08T10:39:11.824478" level="INFO">Opening browser 'chrome' to base url 'http://10.100.69.140/#/'.</msg>
<arg>${CAMERA}</arg>
<arg>${BROWSER}</arg>
<doc>Opens a new browser instance to the optional ``url``.</doc>
<status status="PASS" start="2026-01-08T10:39:11.824038" elapsed="2.574748"/>
</kw>
<kw name="Maximize Browser Window" owner="SeleniumLibrary">
<doc>Maximizes current browser window.</doc>
<status status="PASS" start="2026-01-08T10:39:14.398967" elapsed="0.033692"/>
</kw>
<kw name="Wait Until Element Is Visible" owner="SeleniumLibrary">
<arg>class:ant-input</arg>
<arg>timeout=10</arg>
<doc>Waits until the element ``locator`` is visible.</doc>
<status status="PASS" start="2026-01-08T10:39:14.432993" elapsed="0.238620"/>
</kw>
<status status="PASS" start="2026-01-08T10:39:11.823126" elapsed="2.848661"/>
</kw>
<kw name="Usuario e senha corretos" owner="login_resource">
<kw name="Input Text" owner="SeleniumLibrary">
<msg time="2026-01-08T10:39:14.672839" level="INFO">Typing text 'admin' into text field 'class:ant-input'.</msg>
<arg>class:ant-input</arg>
<arg>${USUARIO_CORRETO}</arg>
<doc>Types the given ``text`` into the text field identified by ``locator``.</doc>
<status status="PASS" start="2026-01-08T10:39:14.672576" elapsed="0.066636"/>
</kw>
<kw name="Input Text" owner="SeleniumLibrary">
<msg time="2026-01-08T10:39:14.739793" level="INFO">Typing text 'admin123' into text field 'css=[id^='PasswordInput_']'.</msg>
<arg>css=[id^='PasswordInput_']</arg>
<arg>${SENHA_CORRETA}</arg>
<doc>Types the given ``text`` into the text field identified by ``locator``.</doc>
<status status="PASS" start="2026-01-08T10:39:14.739378" elapsed="0.090395"/>
</kw>
<kw name="Click Element" owner="SeleniumLibrary">
<msg time="2026-01-08T10:39:14.830079" level="INFO">Clicking element 'css=.ant-btn.ant-btn-primary.login-button'.</msg>
<arg>css=.ant-btn.ant-btn-primary.login-button</arg>
<doc>Click the element identified by ``locator``.</doc>
<status status="PASS" start="2026-01-08T10:39:14.829920" elapsed="0.045946"/>
</kw>
<status status="PASS" start="2026-01-08T10:39:14.672222" elapsed="0.203741"/>
</kw>
<kw name="Validar o resultado de inputs corretos" owner="login_resource">
<kw name="Wait Until Page Contains" owner="SeleniumLibrary">
<arg>admin</arg>
<doc>Waits until ``text`` appears on the current page.</doc>
<status status="PASS" start="2026-01-08T10:39:14.876481" elapsed="0.017254"/>
</kw>
<status status="PASS" start="2026-01-08T10:39:14.876256" elapsed="0.017568"/>
</kw>
<kw name="Acessa menu conta" owner="Usuarios_resource">
<kw name="Run Keyword And Return Status" owner="BuiltIn">
<kw name="Wait Until Element Is Visible" owner="SeleniumLibrary">
<msg time="2026-01-08T10:39:20.146082" level="INFO" html="true">&lt;/td&gt;&lt;/tr&gt;&lt;tr&gt;&lt;td colspan="3"&gt;&lt;a href="selenium-screenshot-110.png"&gt;&lt;img src="selenium-screenshot-110.png" width="800px"&gt;&lt;/a&gt;</msg>
<msg time="2026-01-08T10:39:20.146243" level="FAIL">Element 'css=[aria-label="Configurações"]' not visible after 5 seconds.</msg>
<arg>css=[aria-label="Configurações"]</arg>
<arg>5s</arg>
<doc>Waits until the element ``locator`` is visible.</doc>
<status status="FAIL" start="2026-01-08T10:39:14.894733" elapsed="5.252950">Element 'css=[aria-label="Configurações"]' not visible after 5 seconds.</status>
</kw>
<msg time="2026-01-08T10:39:20.147814" level="INFO">${existe} = False</msg>
<var>${existe}</var>
<arg>Wait Until Element Is Visible</arg>
<arg>css=[aria-label="Configurações"]</arg>
<arg>5s</arg>
<doc>Runs the specified keyword and returns the status as a Boolean value.</doc>
<status status="PASS" start="2026-01-08T10:39:14.894307" elapsed="5.253529"/>
</kw>
<kw name="Run Keyword If" owner="BuiltIn">
<arg>${existe}</arg>
<arg>Clique Seguro</arg>
<arg>css=[aria-label="Configurações"]</arg>
<doc>Runs the given keyword with the given arguments, if ``condition`` is true.</doc>
<status status="PASS" start="2026-01-08T10:39:20.147951" elapsed="0.000225"/>
</kw>
<kw name="Run Keyword If" owner="BuiltIn">
<kw name="Clique Seguro" owner="Usuarios_resource">
<kw name="Run Keyword And Ignore Error" owner="BuiltIn">
<kw name="Wait Until Element Is Not Visible" owner="SeleniumLibrary">
<arg>css=.ant-modal-wrap</arg>
<arg>5s</arg>
<doc>Waits until the element ``locator`` is not visible.</doc>
<status status="PASS" start="2026-01-08T10:39:20.148853" elapsed="0.008474"/>
</kw>
<arg>Wait Until Element Is Not Visible</arg>
<arg>css=.ant-modal-wrap</arg>
<arg>5s</arg>
<doc>Runs the given keyword with the given arguments and ignores possible error.</doc>
<status status="PASS" start="2026-01-08T10:39:20.148698" elapsed="0.008711"/>
</kw>
<kw name="Wait Until Element Is Visible" owner="SeleniumLibrary">
<arg>${locator}</arg>
<arg>10s</arg>
<doc>Waits until the element ``locator`` is visible.</doc>
<status status="PASS" start="2026-01-08T10:39:20.157511" elapsed="0.010054"/>
</kw>
<kw name="Scroll Element Into View" owner="SeleniumLibrary">
<arg>${locator}</arg>
<doc>Scrolls the element identified by ``locator`` into view.</doc>
<status status="PASS" start="2026-01-08T10:39:20.167921" elapsed="0.269746"/>
</kw>
<kw name="Sleep" owner="BuiltIn">
<msg time="2026-01-08T10:39:20.738674" level="INFO">Slept 300 milliseconds.</msg>
<arg>300ms</arg>
<doc>Pauses the test executed for the given time.</doc>
<status status="PASS" start="2026-01-08T10:39:20.437799" elapsed="0.300971"/>
</kw>
<kw name="Run Keyword And Return Status" owner="BuiltIn">
<kw name="Click Element" owner="SeleniumLibrary">
<msg time="2026-01-08T10:39:20.739282" level="INFO">Clicking element 'css=i.anticon.myicon-set'.</msg>
<arg>${locator}</arg>
<doc>Click the element identified by ``locator``.</doc>
<status status="PASS" start="2026-01-08T10:39:20.739150" elapsed="0.056048"/>
</kw>
<msg time="2026-01-08T10:39:20.795333" level="INFO">${ok} = True</msg>
<var>${ok}</var>
<arg>Click Element</arg>
<arg>${locator}</arg>
<doc>Runs the specified keyword and returns the status as a Boolean value.</doc>
<status status="PASS" start="2026-01-08T10:39:20.738910" elapsed="0.056449"/>
</kw>
<kw name="Run Keyword If" owner="BuiltIn">
<arg>not ${ok}</arg>
<arg>Clique JS</arg>
<arg>${locator}</arg>
<doc>Runs the given keyword with the given arguments, if ``condition`` is true.</doc>
<status status="PASS" start="2026-01-08T10:39:20.795525" elapsed="0.000808"/>
</kw>
<arg>css=i.anticon.myicon-set</arg>
<status status="PASS" start="2026-01-08T10:39:20.148534" elapsed="0.648071"/>
</kw>
<arg>not ${existe}</arg>
<arg>Clique Seguro</arg>
<arg>css=i.anticon.myicon-set</arg>
<doc>Runs the given keyword with the given arguments, if ``condition`` is true.</doc>
<status status="PASS" start="2026-01-08T10:39:20.148261" elapsed="0.648479"/>
</kw>
<kw name="Wait Until Element Is Visible" owner="SeleniumLibrary">
<arg>xpath=//li[contains(text(),'Sistema')]</arg>
<arg>10s</arg>
<doc>Waits until the element ``locator`` is visible.</doc>
<status status="PASS" start="2026-01-08T10:39:20.796886" elapsed="0.222293"/>
</kw>
<kw name="Clique Seguro" owner="Usuarios_resource">
<kw name="Run Keyword And Ignore Error" owner="BuiltIn">
<kw name="Wait Until Element Is Not Visible" owner="SeleniumLibrary">
<arg>css=.ant-modal-wrap</arg>
<arg>5s</arg>
<doc>Waits until the element ``locator`` is not visible.</doc>
<status status="PASS" start="2026-01-08T10:39:21.020391" elapsed="0.004982"/>
</kw>
<arg>Wait Until Element Is Not Visible</arg>
<arg>css=.ant-modal-wrap</arg>
<arg>5s</arg>
<doc>Runs the given keyword with the given arguments and ignores possible error.</doc>
<status status="PASS" start="2026-01-08T10:39:21.019850" elapsed="0.005605"/>
</kw>
<kw name="Wait Until Element Is Visible" owner="SeleniumLibrary">
<arg>${locator}</arg>
<arg>10s</arg>
<doc>Waits until the element ``locator`` is visible.</doc>
<status status="PASS" start="2026-01-08T10:39:21.025711" elapsed="0.007824"/>
</kw>
<kw name="Scroll Element Into View" owner="SeleniumLibrary">
<arg>${locator}</arg>
<doc>Scrolls the element identified by ``locator`` into view.</doc>
<status status="PASS" start="2026-01-08T10:39:21.033676" elapsed="0.286895"/>
</kw>
<kw name="Sleep" owner="BuiltIn">
<msg time="2026-01-08T10:39:21.621671" level="INFO">Slept 300 milliseconds.</msg>
<arg>300ms</arg>
<doc>Pauses the test executed for the given time.</doc>
<status status="PASS" start="2026-01-08T10:39:21.320708" elapsed="0.301061"/>
</kw>
<kw name="Run Keyword And Return Status" owner="BuiltIn">
<kw name="Click Element" owner="SeleniumLibrary">
<msg time="2026-01-08T10:39:21.622286" level="INFO">Clicking element 'xpath=//li[contains(text(),'Sistema')]'.</msg>
<arg>${locator}</arg>
<doc>Click the element identified by ``locator``.</doc>
<status status="PASS" start="2026-01-08T10:39:21.622142" elapsed="0.090131"/>
</kw>
<msg time="2026-01-08T10:39:21.712393" level="INFO">${ok} = True</msg>
<var>${ok}</var>
<arg>Click Element</arg>
<arg>${locator}</arg>
<doc>Runs the specified keyword and returns the status as a Boolean value.</doc>
<status status="PASS" start="2026-01-08T10:39:21.621902" elapsed="0.090513"/>
</kw>
<kw name="Run Keyword If" owner="BuiltIn">
<arg>not ${ok}</arg>
<arg>Clique JS</arg>
<arg>${locator}</arg>
<doc>Runs the given keyword with the given arguments, if ``condition`` is true.</doc>
<status status="PASS" start="2026-01-08T10:39:21.712625" elapsed="0.000282"/>
</kw>
<arg>xpath=//li[contains(text(),'Sistema')]</arg>
<status status="PASS" start="2026-01-08T10:39:21.019571" elapsed="0.693391"/>
</kw>
<kw name="Wait Until Element Is Visible" owner="SeleniumLibrary">
<arg>id=ugmSet</arg>
<arg>10s</arg>
<doc>Waits until the element ``locator`` is visible.</doc>
<status status="PASS" start="2026-01-08T10:39:21.713043" elapsed="0.229385"/>
</kw>
<kw name="Clique Seguro" owner="Usuarios_resource">
<kw name="Run Keyword And Ignore Error" owner="BuiltIn">
<kw name="Wait Until Element Is Not Visible" owner="SeleniumLibrary">
<arg>css=.ant-modal-wrap</arg>
<arg>5s</arg>
<doc>Waits until the element ``locator`` is not visible.</doc>
<status status="PASS" start="2026-01-08T10:39:21.943050" elapsed="0.004052"/>
</kw>
<arg>Wait Until Element Is Not Visible</arg>
<arg>css=.ant-modal-wrap</arg>
<arg>5s</arg>
<doc>Runs the given keyword with the given arguments and ignores possible error.</doc>
<status status="PASS" start="2026-01-08T10:39:21.942835" elapsed="0.004342"/>
</kw>
<kw name="Wait Until Element Is Visible" owner="SeleniumLibrary">
<arg>${locator}</arg>
<arg>10s</arg>
<doc>Waits until the element ``locator`` is visible.</doc>
<status status="PASS" start="2026-01-08T10:39:21.947281" elapsed="0.011600"/>
</kw>
<kw name="Scroll Element Into View" owner="SeleniumLibrary">
<arg>${locator}</arg>
<doc>Scrolls the element identified by ``locator`` into view.</doc>
<status status="PASS" start="2026-01-08T10:39:21.959021" elapsed="0.273234"/>
</kw>
<kw name="Sleep" owner="BuiltIn">
<msg time="2026-01-08T10:39:22.533311" level="INFO">Slept 300 milliseconds.</msg>
<arg>300ms</arg>
<doc>Pauses the test executed for the given time.</doc>
<status status="PASS" start="2026-01-08T10:39:22.232394" elapsed="0.301012"/>
</kw>
<kw name="Run Keyword And Return Status" owner="BuiltIn">
<kw name="Click Element" owner="SeleniumLibrary">
<msg time="2026-01-08T10:39:22.533913" level="INFO">Clicking element 'id=ugmSet'.</msg>
<arg>${locator}</arg>
<doc>Click the element identified by ``locator``.</doc>
<status status="PASS" start="2026-01-08T10:39:22.533769" elapsed="0.074872"/>
</kw>
<msg time="2026-01-08T10:39:22.608903" level="INFO">${ok} = True</msg>
<var>${ok}</var>
<arg>Click Element</arg>
<arg>${locator}</arg>
<doc>Runs the specified keyword and returns the status as a Boolean value.</doc>
<status status="PASS" start="2026-01-08T10:39:22.533541" elapsed="0.075408"/>
</kw>
<kw name="Run Keyword If" owner="BuiltIn">
<arg>not ${ok}</arg>
<arg>Clique JS</arg>
<arg>${locator}</arg>
<doc>Runs the given keyword with the given arguments, if ``condition`` is true.</doc>
<status status="PASS" start="2026-01-08T10:39:22.609212" elapsed="0.000506"/>
</kw>
<arg>id=ugmSet</arg>
<status status="PASS" start="2026-01-08T10:39:21.942617" elapsed="0.667212"/>
</kw>
<status status="PASS" start="2026-01-08T10:39:14.894074" elapsed="7.715873"/>
</kw>
<kw name="Criar usuario" owner="Usuarios_resource">
<for flavor="IN">
<iter>
<kw name="Set Variable" owner="BuiltIn">
<msg time="2026-01-08T10:39:22.611432" level="INFO">${usuario} = usuario_a</msg>
<var>${usuario}</var>
<arg>usuario_${letra}</arg>
<doc>Returns the given values which can then be assigned to a variables.</doc>
<status status="PASS" start="2026-01-08T10:39:22.611153" elapsed="0.000314"/>
</kw>
<kw name="Set Variable" owner="BuiltIn">
<msg time="2026-01-08T10:39:22.612083" level="INFO">${senha} = senha_a123</msg>
<var>${senha}</var>
<arg>senha_${letra}123</arg>
<doc>Returns the given values which can then be assigned to a variables.</doc>
<status status="PASS" start="2026-01-08T10:39:22.611617" elapsed="0.000515"/>
</kw>
<kw name="Run Keyword And Return Status" owner="BuiltIn">
<kw name="Wait Until Element Is Visible" owner="SeleniumLibrary">
<arg>xpath=//button[.//span[text()='Adicionar']]</arg>
<arg>10s</arg>
<doc>Waits until the element ``locator`` is visible.</doc>
<status status="PASS" start="2026-01-08T10:39:22.612636" elapsed="0.260108"/>
</kw>
<msg time="2026-01-08T10:39:22.872866" level="INFO">${existe} = True</msg>
<var>${existe}</var>
<arg>Wait Until Element Is Visible</arg>
<arg>xpath=//button[.//span[text()='Adicionar']]</arg>
<arg>10s</arg>
<doc>Runs the specified keyword and returns the status as a Boolean value.</doc>
<status status="PASS" start="2026-01-08T10:39:22.612299" elapsed="0.260587"/>
</kw>
<kw name="Run Keyword If" owner="BuiltIn">
<arg>not ${existe}</arg>
<arg>Exit For Loop</arg>
<doc>Runs the given keyword with the given arguments, if ``condition`` is true.</doc>
<status status="PASS" start="2026-01-08T10:39:22.872994" elapsed="0.000258"/>
</kw>
<kw name="Run Keyword And Return Status" owner="BuiltIn">
<kw name="Element Should Be Enabled" owner="SeleniumLibrary">
<arg>xpath=//button[.//span[text()='Adicionar']]</arg>
<doc>Verifies that element identified by ``locator`` is enabled.</doc>
<status status="PASS" start="2026-01-08T10:39:22.873498" elapsed="0.014803"/>
</kw>
<msg time="2026-01-08T10:39:22.888431" level="INFO">${habilitado} = True</msg>
<var>${habilitado}</var>
<arg>Element Should Be Enabled</arg>
<arg>xpath=//button[.//span[text()='Adicionar']]</arg>
<doc>Runs the specified keyword and returns the status as a Boolean value.</doc>
<status status="PASS" start="2026-01-08T10:39:22.873339" elapsed="0.015112"/>
</kw>
<kw name="Run Keyword If" owner="BuiltIn">
<arg>not ${habilitado}</arg>
<arg>Exit For Loop</arg>
<doc>Runs the given keyword with the given arguments, if ``condition`` is true.</doc>
<status status="PASS" start="2026-01-08T10:39:22.888569" elapsed="0.000248"/>
</kw>
<kw name="Clique Seguro" owner="Usuarios_resource">
<kw name="Run Keyword And Ignore Error" owner="BuiltIn">
<kw name="Wait Until Element Is Not Visible" owner="SeleniumLibrary">
<arg>css=.ant-modal-wrap</arg>
<arg>5s</arg>
<doc>Waits until the element ``locator`` is not visible.</doc>
<status status="PASS" start="2026-01-08T10:39:22.889559" elapsed="0.005346"/>
</kw>
<arg>Wait Until Element Is Not Visible</arg>
<arg>css=.ant-modal-wrap</arg>
<arg>5s</arg>
<doc>Runs the given keyword with the given arguments and ignores possible error.</doc>
<status status="PASS" start="2026-01-08T10:39:22.889341" elapsed="0.005641"/>
</kw>
<kw name="Wait Until Element Is Visible" owner="SeleniumLibrary">
<arg>${locator}</arg>
<arg>10s</arg>
<doc>Waits until the element ``locator`` is visible.</doc>
<status status="PASS" start="2026-01-08T10:39:22.895086" elapsed="0.010802"/>
</kw>
<kw name="Scroll Element Into View" owner="SeleniumLibrary">
<arg>${locator}</arg>
<doc>Scrolls the element identified by ``locator`` into view.</doc>
<status status="PASS" start="2026-01-08T10:39:22.906137" elapsed="0.266827"/>
</kw>
<kw name="Sleep" owner="BuiltIn">
<msg time="2026-01-08T10:39:23.474116" level="INFO">Slept 300 milliseconds.</msg>
<arg>300ms</arg>
<doc>Pauses the test executed for the given time.</doc>
<status status="PASS" start="2026-01-08T10:39:23.173101" elapsed="0.301109"/>
</kw>
<kw name="Run Keyword And Return Status" owner="BuiltIn">
<kw name="Click Element" owner="SeleniumLibrary">
<msg time="2026-01-08T10:39:23.474727" level="INFO">Clicking element 'xpath=//button[.//span[text()='Adicionar']]'.</msg>
<arg>${locator}</arg>
<doc>Click the element identified by ``locator``.</doc>
<status status="PASS" start="2026-01-08T10:39:23.474594" elapsed="0.072937"/>
</kw>
<msg time="2026-01-08T10:39:23.547654" level="INFO">${ok} = True</msg>
<var>${ok}</var>
<arg>Click Element</arg>
<arg>${locator}</arg>
<doc>Runs the specified keyword and returns the status as a Boolean value.</doc>
<status status="PASS" start="2026-01-08T10:39:23.474347" elapsed="0.073489"/>
</kw>
<kw name="Run Keyword If" owner="BuiltIn">
<arg>not ${ok}</arg>
<arg>Clique JS</arg>
<arg>${locator}</arg>
<doc>Runs the given keyword with the given arguments, if ``condition`` is true.</doc>
<status status="PASS" start="2026-01-08T10:39:23.547992" elapsed="0.000280"/>
</kw>
<arg>xpath=//button[.//span[text()='Adicionar']]</arg>
<status status="PASS" start="2026-01-08T10:39:22.888939" elapsed="0.659387"/>
</kw>
<kw name="Wait Until Element Is Visible" owner="SeleniumLibrary">
<arg>id=add_user_form_Name</arg>
<arg>10s</arg>
<doc>Waits until the element ``locator`` is visible.</doc>
<status status="PASS" start="2026-01-08T10:39:23.548400" elapsed="0.230225"/>
</kw>
<kw name="Input Text" owner="SeleniumLibrary">
<msg time="2026-01-08T10:39:23.778959" level="INFO">Typing text 'usuario_a' into text field 'id=add_user_form_Name'.</msg>
<arg>id=add_user_form_Name</arg>
<arg>${usuario}</arg>
<doc>Types the given ``text`` into the text field identified by ``locator``.</doc>
<status status="PASS" start="2026-01-08T10:39:23.778767" elapsed="0.143236"/>
</kw>
<kw name="Input Text" owner="SeleniumLibrary">
<msg time="2026-01-08T10:39:23.922350" level="INFO">Typing text 'senha_a123' into text field 'css=input.passwordCheck-new'.</msg>
<arg>css=input.passwordCheck-new</arg>
<arg>${senha}</arg>
<doc>Types the given ``text`` into the text field identified by ``locator``.</doc>
<status status="PASS" start="2026-01-08T10:39:23.922155" elapsed="0.097901"/>
</kw>
<kw name="Input Text" owner="SeleniumLibrary">
<msg time="2026-01-08T10:39:24.020415" level="INFO">Typing text 'senha_a123' into text field 'css=input.passwordCheck-confirm'.</msg>
<arg>css=input.passwordCheck-confirm</arg>
<arg>${senha}</arg>
<doc>Types the given ``text`` into the text field identified by ``locator``.</doc>
<status status="PASS" start="2026-01-08T10:39:24.020218" elapsed="0.090756"/>
</kw>
<kw name="Clique Seguro" owner="Usuarios_resource">
<kw name="Run Keyword And Ignore Error" owner="BuiltIn">
<kw name="Wait Until Element Is Not Visible" owner="SeleniumLibrary">
<msg time="2026-01-08T10:39:29.267050" level="INFO" html="true">&lt;/td&gt;&lt;/tr&gt;&lt;tr&gt;&lt;td colspan="3"&gt;&lt;a href="selenium-screenshot-111.png"&gt;&lt;img src="selenium-screenshot-111.png" width="800px"&gt;&lt;/a&gt;</msg>
<msg time="2026-01-08T10:39:29.267171" level="FAIL">Element 'css=.ant-modal-wrap' still visible after 5 seconds.</msg>
<arg>css=.ant-modal-wrap</arg>
<arg>5s</arg>
<doc>Waits until the element ``locator`` is not visible.</doc>
<status status="FAIL" start="2026-01-08T10:39:24.111727" elapsed="5.156488">Element 'css=.ant-modal-wrap' still visible after 5 seconds.</status>
</kw>
<arg>Wait Until Element Is Not Visible</arg>
<arg>css=.ant-modal-wrap</arg>
<arg>5s</arg>
<doc>Runs the given keyword with the given arguments and ignores possible error.</doc>
<status status="PASS" start="2026-01-08T10:39:24.111506" elapsed="5.156795"/>
</kw>
<kw name="Wait Until Element Is Visible" owner="SeleniumLibrary">
<arg>${locator}</arg>
<arg>10s</arg>
<doc>Waits until the element ``locator`` is visible.</doc>
<status status="PASS" start="2026-01-08T10:39:29.268423" elapsed="0.011488"/>
</kw>
<kw name="Scroll Element Into View" owner="SeleniumLibrary">
<arg>${locator}</arg>
<doc>Scrolls the element identified by ``locator`` into view.</doc>
<status status="PASS" start="2026-01-08T10:39:29.280044" elapsed="0.276614"/>
</kw>
<kw name="Sleep" owner="BuiltIn">
<msg time="2026-01-08T10:39:29.857297" level="INFO">Slept 300 milliseconds.</msg>
<arg>300ms</arg>
<doc>Pauses the test executed for the given time.</doc>
<status status="PASS" start="2026-01-08T10:39:29.556798" elapsed="0.300640"/>
</kw>
<kw name="Run Keyword And Return Status" owner="BuiltIn">
<kw name="Click Element" owner="SeleniumLibrary">
<msg time="2026-01-08T10:39:29.857999" level="INFO">Clicking element 'xpath=//div[contains(@class,'ant-modal')]//button[.//span[text()='Aplicar']]'.</msg>
<arg>${locator}</arg>
<doc>Click the element identified by ``locator``.</doc>
<status status="PASS" start="2026-01-08T10:39:29.857851" elapsed="0.050012"/>
</kw>
<msg time="2026-01-08T10:39:29.907983" level="INFO">${ok} = True</msg>
<var>${ok}</var>
<arg>Click Element</arg>
<arg>${locator}</arg>
<doc>Runs the specified keyword and returns the status as a Boolean value.</doc>
<status status="PASS" start="2026-01-08T10:39:29.857596" elapsed="0.050408"/>
</kw>
<kw name="Run Keyword If" owner="BuiltIn">
<arg>not ${ok}</arg>
<arg>Clique JS</arg>
<arg>${locator}</arg>
<doc>Runs the given keyword with the given arguments, if ``condition`` is true.</doc>
<status status="PASS" start="2026-01-08T10:39:29.908182" elapsed="0.000288"/>
</kw>
<arg>xpath=//div[contains(@class,'ant-modal')]//button[.//span[text()='Aplicar']]</arg>
<status status="PASS" start="2026-01-08T10:39:24.111281" elapsed="5.797250"/>
</kw>
<kw name="Wait Until Element Is Not Visible" owner="SeleniumLibrary">
<arg>css=.ant-modal-wrap</arg>
<arg>10s</arg>
<doc>Waits until the element ``locator`` is not visible.</doc>
<status status="PASS" start="2026-01-08T10:39:29.908611" elapsed="1.288178"/>
</kw>
<var name="${letra}">a</var>
<status status="PASS" start="2026-01-08T10:39:22.611049" elapsed="8.585809"/>
</iter>
<iter>
<kw name="Set Variable" owner="BuiltIn">
<msg time="2026-01-08T10:39:31.197419" level="INFO">${usuario} = usuario_b</msg>
<var>${usuario}</var>
<arg>usuario_${letra}</arg>
<doc>Returns the given values which can then be assigned to a variables.</doc>
<status status="PASS" start="2026-01-08T10:39:31.197099" elapsed="0.000353"/>
</kw>
<kw name="Set Variable" owner="BuiltIn">
<msg time="2026-01-08T10:39:31.197749" level="INFO">${senha} = senha_b123</msg>
<var>${senha}</var>
<arg>senha_${letra}123</arg>
<doc>Returns the given values which can then be assigned to a variables.</doc>
<status status="PASS" start="2026-01-08T10:39:31.197558" elapsed="0.000208"/>
</kw>
<kw name="Run Keyword And Return Status" owner="BuiltIn">
<kw name="Wait Until Element Is Visible" owner="SeleniumLibrary">
<arg>xpath=//button[.//span[text()='Adicionar']]</arg>
<arg>10s</arg>
<doc>Waits until the element ``locator`` is visible.</doc>
<status status="PASS" start="2026-01-08T10:39:31.198001" elapsed="0.011819"/>
</kw>
<msg time="2026-01-08T10:39:31.209942" level="INFO">${existe} = True</msg>
<var>${existe}</var>
<arg>Wait Until Element Is Visible</arg>
<arg>xpath=//button[.//span[text()='Adicionar']]</arg>
<arg>10s</arg>
<doc>Runs the specified keyword and returns the status as a Boolean value.</doc>
<status status="PASS" start="2026-01-08T10:39:31.197838" elapsed="0.012125"/>
</kw>
<kw name="Run Keyword If" owner="BuiltIn">
<arg>not ${existe}</arg>
<arg>Exit For Loop</arg>
<doc>Runs the given keyword with the given arguments, if ``condition`` is true.</doc>
<status status="PASS" start="2026-01-08T10:39:31.210074" elapsed="0.000261"/>
</kw>
<kw name="Run Keyword And Return Status" owner="BuiltIn">
<kw name="Element Should Be Enabled" owner="SeleniumLibrary">
<arg>xpath=//button[.//span[text()='Adicionar']]</arg>
<doc>Verifies that element identified by ``locator`` is enabled.</doc>
<status status="PASS" start="2026-01-08T10:39:31.210740" elapsed="0.013905"/>
</kw>
<msg time="2026-01-08T10:39:31.224768" level="INFO">${habilitado} = True</msg>
<var>${habilitado}</var>
<arg>Element Should Be Enabled</arg>
<arg>xpath=//button[.//span[text()='Adicionar']]</arg>
<doc>Runs the specified keyword and returns the status as a Boolean value.</doc>
<status status="PASS" start="2026-01-08T10:39:31.210529" elapsed="0.014261"/>
</kw>
<kw name="Run Keyword If" owner="BuiltIn">
<arg>not ${habilitado}</arg>
<arg>Exit For Loop</arg>
<doc>Runs the given keyword with the given arguments, if ``condition`` is true.</doc>
<status status="PASS" start="2026-01-08T10:39:31.224895" elapsed="0.000249"/>
</kw>
<kw name="Clique Seguro" owner="Usuarios_resource">
<kw name="Run Keyword And Ignore Error" owner="BuiltIn">
<kw name="Wait Until Element Is Not Visible" owner="SeleniumLibrary">
<arg>css=.ant-modal-wrap</arg>
<arg>5s</arg>
<doc>Waits until the element ``locator`` is not visible.</doc>
<status status="PASS" start="2026-01-08T10:39:31.225618" elapsed="0.007929"/>
</kw>
<arg>Wait Until Element Is Not Visible</arg>
<arg>css=.ant-modal-wrap</arg>
<arg>5s</arg>
<doc>Runs the given keyword with the given arguments and ignores possible error.</doc>
<status status="PASS" start="2026-01-08T10:39:31.225445" elapsed="0.008181"/>
</kw>
<kw name="Wait Until Element Is Visible" owner="SeleniumLibrary">
<arg>${locator}</arg>
<arg>10s</arg>
<doc>Waits until the element ``locator`` is visible.</doc>
<status status="PASS" start="2026-01-08T10:39:31.233725" elapsed="0.008413"/>
</kw>
<kw name="Scroll Element Into View" owner="SeleniumLibrary">
<arg>${locator}</arg>
<doc>Scrolls the element identified by ``locator`` into view.</doc>
<status status="PASS" start="2026-01-08T10:39:31.242279" elapsed="0.284720"/>
</kw>
<kw name="Sleep" owner="BuiltIn">
<msg time="2026-01-08T10:39:31.827499" level="INFO">Slept 300 milliseconds.</msg>
<arg>300ms</arg>
<doc>Pauses the test executed for the given time.</doc>
<status status="PASS" start="2026-01-08T10:39:31.527135" elapsed="0.300458"/>
</kw>
<kw name="Run Keyword And Return Status" owner="BuiltIn">
<kw name="Click Element" owner="SeleniumLibrary">
<msg time="2026-01-08T10:39:31.828127" level="INFO">Clicking element 'xpath=//button[.//span[text()='Adicionar']]'.</msg>
<arg>${locator}</arg>
<doc>Click the element identified by ``locator``.</doc>
<status status="PASS" start="2026-01-08T10:39:31.827988" elapsed="0.062928"/>
</kw>
<msg time="2026-01-08T10:39:31.891539" level="INFO">${ok} = True</msg>
<var>${ok}</var>
<arg>Click Element</arg>
<arg>${locator}</arg>
<doc>Runs the specified keyword and returns the status as a Boolean value.</doc>
<status status="PASS" start="2026-01-08T10:39:31.827723" elapsed="0.063868"/>
</kw>
<kw name="Run Keyword If" owner="BuiltIn">
<arg>not ${ok}</arg>
<arg>Clique JS</arg>
<arg>${locator}</arg>
<doc>Runs the given keyword with the given arguments, if ``condition`` is true.</doc>
<status status="PASS" start="2026-01-08T10:39:31.891974" elapsed="0.000298"/>
</kw>
<arg>xpath=//button[.//span[text()='Adicionar']]</arg>
<status status="PASS" start="2026-01-08T10:39:31.225262" elapsed="0.667070"/>
</kw>
<kw name="Wait Until Element Is Visible" owner="SeleniumLibrary">
<arg>id=add_user_form_Name</arg>
<arg>10s</arg>
<doc>Waits until the element ``locator`` is visible.</doc>
<status status="PASS" start="2026-01-08T10:39:31.892409" elapsed="0.224009"/>
</kw>
<kw name="Input Text" owner="SeleniumLibrary">
<msg time="2026-01-08T10:39:32.116763" level="INFO">Typing text 'usuario_b' into text field 'id=add_user_form_Name'.</msg>
<arg>id=add_user_form_Name</arg>
<arg>${usuario}</arg>
<doc>Types the given ``text`` into the text field identified by ``locator``.</doc>
<status status="PASS" start="2026-01-08T10:39:32.116559" elapsed="0.108635"/>
</kw>
<kw name="Input Text" owner="SeleniumLibrary">
<msg time="2026-01-08T10:39:32.225656" level="INFO">Typing text 'senha_b123' into text field 'css=input.passwordCheck-new'.</msg>
<arg>css=input.passwordCheck-new</arg>
<arg>${senha}</arg>
<doc>Types the given ``text`` into the text field identified by ``locator``.</doc>
<status status="PASS" start="2026-01-08T10:39:32.225401" elapsed="0.101304"/>
</kw>
<kw name="Input Text" owner="SeleniumLibrary">
<msg time="2026-01-08T10:39:32.327091" level="INFO">Typing text 'senha_b123' into text field 'css=input.passwordCheck-confirm'.</msg>
<arg>css=input.passwordCheck-confirm</arg>
<arg>${senha}</arg>
<doc>Types the given ``text`` into the text field identified by ``locator``.</doc>
<status status="PASS" start="2026-01-08T10:39:32.326892" elapsed="0.066308"/>
</kw>
<kw name="Clique Seguro" owner="Usuarios_resource">
<kw name="Run Keyword And Ignore Error" owner="BuiltIn">
<kw name="Wait Until Element Is Not Visible" owner="SeleniumLibrary">
<msg time="2026-01-08T10:39:37.526193" level="INFO" html="true">&lt;/td&gt;&lt;/tr&gt;&lt;tr&gt;&lt;td colspan="3"&gt;&lt;a href="selenium-screenshot-112.png"&gt;&lt;img src="selenium-screenshot-112.png" width="800px"&gt;&lt;/a&gt;</msg>
<msg time="2026-01-08T10:39:37.526307" level="FAIL">Element 'css=.ant-modal-wrap' still visible after 5 seconds.</msg>
<arg>css=.ant-modal-wrap</arg>
<arg>5s</arg>
<doc>Waits until the element ``locator`` is not visible.</doc>
<status status="FAIL" start="2026-01-08T10:39:32.393901" elapsed="5.133031">Element 'css=.ant-modal-wrap' still visible after 5 seconds.</status>
</kw>
<arg>Wait Until Element Is Not Visible</arg>
<arg>css=.ant-modal-wrap</arg>
<arg>5s</arg>
<doc>Runs the given keyword with the given arguments and ignores possible error.</doc>
<status status="PASS" start="2026-01-08T10:39:32.393679" elapsed="5.133333"/>
</kw>
<kw name="Wait Until Element Is Visible" owner="SeleniumLibrary">
<arg>${locator}</arg>
<arg>10s</arg>
<doc>Waits until the element ``locator`` is visible.</doc>
<status status="PASS" start="2026-01-08T10:39:37.527131" elapsed="0.009784"/>
</kw>
<kw name="Scroll Element Into View" owner="SeleniumLibrary">
<arg>${locator}</arg>
<doc>Scrolls the element identified by ``locator`` into view.</doc>
<status status="PASS" start="2026-01-08T10:39:37.537052" elapsed="0.283123"/>
</kw>
<kw name="Sleep" owner="BuiltIn">
<msg time="2026-01-08T10:39:38.120959" level="INFO">Slept 300 milliseconds.</msg>
<arg>300ms</arg>
<doc>Pauses the test executed for the given time.</doc>
<status status="PASS" start="2026-01-08T10:39:37.820328" elapsed="0.300727"/>
</kw>
<kw name="Run Keyword And Return Status" owner="BuiltIn">
<kw name="Click Element" owner="SeleniumLibrary">
<msg time="2026-01-08T10:39:38.121585" level="INFO">Clicking element 'xpath=//div[contains(@class,'ant-modal')]//button[.//span[text()='Aplicar']]'.</msg>
<arg>${locator}</arg>
<doc>Click the element identified by ``locator``.</doc>
<status status="PASS" start="2026-01-08T10:39:38.121441" elapsed="0.049497"/>
</kw>
<msg time="2026-01-08T10:39:38.171144" level="INFO">${ok} = True</msg>
<var>${ok}</var>
<arg>Click Element</arg>
<arg>${locator}</arg>
<doc>Runs the specified keyword and returns the status as a Boolean value.</doc>
<status status="PASS" start="2026-01-08T10:39:38.121191" elapsed="0.049979"/>
</kw>
<kw name="Run Keyword If" owner="BuiltIn">
<arg>not ${ok}</arg>
<arg>Clique JS</arg>
<arg>${locator}</arg>
<doc>Runs the given keyword with the given arguments, if ``condition`` is true.</doc>
<status status="PASS" start="2026-01-08T10:39:38.171294" elapsed="0.000285"/>
</kw>
<arg>xpath=//div[contains(@class,'ant-modal')]//button[.//span[text()='Aplicar']]</arg>
<status status="PASS" start="2026-01-08T10:39:32.393453" elapsed="5.778229"/>
</kw>
<kw name="Wait Until Element Is Not Visible" owner="SeleniumLibrary">
<arg>css=.ant-modal-wrap</arg>
<arg>10s</arg>
<doc>Waits until the element ``locator`` is not visible.</doc>
<status status="PASS" start="2026-01-08T10:39:38.171878" elapsed="1.323448"/>
</kw>
<var name="${letra}">b</var>
<status status="PASS" start="2026-01-08T10:39:31.197000" elapsed="8.298398"/>
</iter>
<iter>
<kw name="Set Variable" owner="BuiltIn">
<msg time="2026-01-08T10:39:39.495941" level="INFO">${usuario} = usuario_c</msg>
<var>${usuario}</var>
<arg>usuario_${letra}</arg>
<doc>Returns the given values which can then be assigned to a variables.</doc>
<status status="PASS" start="2026-01-08T10:39:39.495686" elapsed="0.000277"/>
</kw>
<kw name="Set Variable" owner="BuiltIn">
<msg time="2026-01-08T10:39:39.496207" level="INFO">${senha} = senha_c123</msg>
<var>${senha}</var>
<arg>senha_${letra}123</arg>
<doc>Returns the given values which can then be assigned to a variables.</doc>
<status status="PASS" start="2026-01-08T10:39:39.496041" elapsed="0.000194"/>
</kw>
<kw name="Run Keyword And Return Status" owner="BuiltIn">
<kw name="Wait Until Element Is Visible" owner="SeleniumLibrary">
<arg>xpath=//button[.//span[text()='Adicionar']]</arg>
<arg>10s</arg>
<doc>Waits until the element ``locator`` is visible.</doc>
<status status="PASS" start="2026-01-08T10:39:39.496630" elapsed="0.012317"/>
</kw>
<msg time="2026-01-08T10:39:39.509071" level="INFO">${existe} = True</msg>
<var>${existe}</var>
<arg>Wait Until Element Is Visible</arg>
<arg>xpath=//button[.//span[text()='Adicionar']]</arg>
<arg>10s</arg>
<doc>Runs the specified keyword and returns the status as a Boolean value.</doc>
<status status="PASS" start="2026-01-08T10:39:39.496409" elapsed="0.012684"/>
</kw>
<kw name="Run Keyword If" owner="BuiltIn">
<arg>not ${existe}</arg>
<arg>Exit For Loop</arg>
<doc>Runs the given keyword with the given arguments, if ``condition`` is true.</doc>
<status status="PASS" start="2026-01-08T10:39:39.509208" elapsed="0.000352"/>
</kw>
<kw name="Run Keyword And Return Status" owner="BuiltIn">
<kw name="Element Should Be Enabled" owner="SeleniumLibrary">
<arg>xpath=//button[.//span[text()='Adicionar']]</arg>
<doc>Verifies that element identified by ``locator`` is enabled.</doc>
<status status="PASS" start="2026-01-08T10:39:39.509895" elapsed="0.013264"/>
</kw>
<msg time="2026-01-08T10:39:39.523281" level="INFO">${habilitado} = True</msg>
<var>${habilitado}</var>
<arg>Element Should Be Enabled</arg>
<arg>xpath=//button[.//span[text()='Adicionar']]</arg>
<doc>Runs the specified keyword and returns the status as a Boolean value.</doc>
<status status="PASS" start="2026-01-08T10:39:39.509688" elapsed="0.013611"/>
</kw>
<kw name="Run Keyword If" owner="BuiltIn">
<arg>not ${habilitado}</arg>
<arg>Exit For Loop</arg>
<doc>Runs the given keyword with the given arguments, if ``condition`` is true.</doc>
<status status="PASS" start="2026-01-08T10:39:39.523403" elapsed="0.000240"/>
</kw>
<kw name="Clique Seguro" owner="Usuarios_resource">
<kw name="Run Keyword And Ignore Error" owner="BuiltIn">
<kw name="Wait Until Element Is Not Visible" owner="SeleniumLibrary">
<arg>css=.ant-modal-wrap</arg>
<arg>5s</arg>
<doc>Waits until the element ``locator`` is not visible.</doc>
<status status="PASS" start="2026-01-08T10:39:39.524100" elapsed="0.008101"/>
</kw>
<arg>Wait Until Element Is Not Visible</arg>
<arg>css=.ant-modal-wrap</arg>
<arg>5s</arg>
<doc>Runs the given keyword with the given arguments and ignores possible error.</doc>
<status status="PASS" start="2026-01-08T10:39:39.523935" elapsed="0.008345"/>
</kw>
<kw name="Wait Until Element Is Visible" owner="SeleniumLibrary">
<arg>${locator}</arg>
<arg>10s</arg>
<doc>Waits until the element ``locator`` is visible.</doc>
<status status="PASS" start="2026-01-08T10:39:39.532383" elapsed="0.008556"/>
</kw>
<kw name="Scroll Element Into View" owner="SeleniumLibrary">
<arg>${locator}</arg>
<doc>Scrolls the element identified by ``locator`` into view.</doc>
<status status="PASS" start="2026-01-08T10:39:39.541078" elapsed="0.275645"/>
</kw>
<kw name="Sleep" owner="BuiltIn">
<msg time="2026-01-08T10:39:40.117532" level="INFO">Slept 300 milliseconds.</msg>
<arg>300ms</arg>
<doc>Pauses the test executed for the given time.</doc>
<status status="PASS" start="2026-01-08T10:39:39.816857" elapsed="0.300766"/>
</kw>
<kw name="Run Keyword And Return Status" owner="BuiltIn">
<kw name="Click Element" owner="SeleniumLibrary">
<msg time="2026-01-08T10:39:40.118168" level="INFO">Clicking element 'xpath=//button[.//span[text()='Adicionar']]'.</msg>
<arg>${locator}</arg>
<doc>Click the element identified by ``locator``.</doc>
<status status="PASS" start="2026-01-08T10:39:40.118033" elapsed="0.059602"/>
</kw>
<msg time="2026-01-08T10:39:40.177781" level="INFO">${ok} = True</msg>
<var>${ok}</var>
<arg>Click Element</arg>
<arg>${locator}</arg>
<doc>Runs the specified keyword and returns the status as a Boolean value.</doc>
<status status="PASS" start="2026-01-08T10:39:40.117752" elapsed="0.060050"/>
</kw>
<kw name="Run Keyword If" owner="BuiltIn">
<arg>not ${ok}</arg>
<arg>Clique JS</arg>
<arg>${locator}</arg>
<doc>Runs the given keyword with the given arguments, if ``condition`` is true.</doc>
<status status="PASS" start="2026-01-08T10:39:40.177919" elapsed="0.000288"/>
</kw>
<arg>xpath=//button[.//span[text()='Adicionar']]</arg>
<status status="PASS" start="2026-01-08T10:39:39.523761" elapsed="0.654510"/>
</kw>
<kw name="Wait Until Element Is Visible" owner="SeleniumLibrary">
<arg>id=add_user_form_Name</arg>
<arg>10s</arg>
<doc>Waits until the element ``locator`` is visible.</doc>
<status status="PASS" start="2026-01-08T10:39:40.178357" elapsed="0.252647"/>
</kw>
<kw name="Input Text" owner="SeleniumLibrary">
<msg time="2026-01-08T10:39:40.431328" level="INFO">Typing text 'usuario_c' into text field 'id=add_user_form_Name'.</msg>
<arg>id=add_user_form_Name</arg>
<arg>${usuario}</arg>
<doc>Types the given ``text`` into the text field identified by ``locator``.</doc>
<status status="PASS" start="2026-01-08T10:39:40.431145" elapsed="0.100966"/>
</kw>
<kw name="Input Text" owner="SeleniumLibrary">
<msg time="2026-01-08T10:39:40.533822" level="INFO">Typing text 'senha_c123' into text field 'css=input.passwordCheck-new'.</msg>
<arg>css=input.passwordCheck-new</arg>
<arg>${senha}</arg>
<doc>Types the given ``text`` into the text field identified by ``locator``.</doc>
<status status="PASS" start="2026-01-08T10:39:40.532651" elapsed="0.082272"/>
</kw>
<kw name="Input Text" owner="SeleniumLibrary">
<msg time="2026-01-08T10:39:40.615313" level="INFO">Typing text 'senha_c123' into text field 'css=input.passwordCheck-confirm'.</msg>
<arg>css=input.passwordCheck-confirm</arg>
<arg>${senha}</arg>
<doc>Types the given ``text`` into the text field identified by ``locator``.</doc>
<status status="PASS" start="2026-01-08T10:39:40.615078" elapsed="0.067845"/>
</kw>
<kw name="Clique Seguro" owner="Usuarios_resource">
<kw name="Run Keyword And Ignore Error" owner="BuiltIn">
<kw name="Wait Until Element Is Not Visible" owner="SeleniumLibrary">
<msg time="2026-01-08T10:39:45.824934" level="INFO" html="true">&lt;/td&gt;&lt;/tr&gt;&lt;tr&gt;&lt;td colspan="3"&gt;&lt;a href="selenium-screenshot-113.png"&gt;&lt;img src="selenium-screenshot-113.png" width="800px"&gt;&lt;/a&gt;</msg>
<msg time="2026-01-08T10:39:45.825057" level="FAIL">Element 'css=.ant-modal-wrap' still visible after 5 seconds.</msg>
<arg>css=.ant-modal-wrap</arg>
<arg>5s</arg>
<doc>Waits until the element ``locator`` is not visible.</doc>
<status status="FAIL" start="2026-01-08T10:39:40.683555" elapsed="5.142159">Element 'css=.ant-modal-wrap' still visible after 5 seconds.</status>
</kw>
<arg>Wait Until Element Is Not Visible</arg>
<arg>css=.ant-modal-wrap</arg>
<arg>5s</arg>
<doc>Runs the given keyword with the given arguments and ignores possible error.</doc>
<status status="PASS" start="2026-01-08T10:39:40.683324" elapsed="5.142469"/>
</kw>
<kw name="Wait Until Element Is Visible" owner="SeleniumLibrary">
<arg>${locator}</arg>
<arg>10s</arg>
<doc>Waits until the element ``locator`` is visible.</doc>
<status status="PASS" start="2026-01-08T10:39:45.825890" elapsed="0.009376"/>
</kw>
<kw name="Scroll Element Into View" owner="SeleniumLibrary">
<arg>${locator}</arg>
<doc>Scrolls the element identified by ``locator`` into view.</doc>
<status status="PASS" start="2026-01-08T10:39:45.835405" elapsed="0.278452"/>
</kw>
<kw name="Sleep" owner="BuiltIn">
<msg time="2026-01-08T10:39:46.414654" level="INFO">Slept 300 milliseconds.</msg>
<arg>300ms</arg>
<doc>Pauses the test executed for the given time.</doc>
<status status="PASS" start="2026-01-08T10:39:46.114015" elapsed="0.300730"/>
</kw>
<kw name="Run Keyword And Return Status" owner="BuiltIn">
<kw name="Click Element" owner="SeleniumLibrary">
<msg time="2026-01-08T10:39:46.415228" level="INFO">Clicking element 'xpath=//div[contains(@class,'ant-modal')]//button[.//span[text()='Aplicar']]'.</msg>
<arg>${locator}</arg>
<doc>Click the element identified by ``locator``.</doc>
<status status="PASS" start="2026-01-08T10:39:46.415099" elapsed="0.055885"/>
</kw>
<msg time="2026-01-08T10:39:46.471113" level="INFO">${ok} = True</msg>
<var>${ok}</var>
<arg>Click Element</arg>
<arg>${locator}</arg>
<doc>Runs the specified keyword and returns the status as a Boolean value.</doc>
<status status="PASS" start="2026-01-08T10:39:46.414869" elapsed="0.056266"/>
</kw>
<kw name="Run Keyword If" owner="BuiltIn">
<arg>not ${ok}</arg>
<arg>Clique JS</arg>
<arg>${locator}</arg>
<doc>Runs the given keyword with the given arguments, if ``condition`` is true.</doc>
<status status="PASS" start="2026-01-08T10:39:46.471248" elapsed="0.000265"/>
</kw>
<arg>xpath=//div[contains(@class,'ant-modal')]//button[.//span[text()='Aplicar']]</arg>
<status status="PASS" start="2026-01-08T10:39:40.683111" elapsed="5.788455"/>
</kw>
<kw name="Wait Until Element Is Not Visible" owner="SeleniumLibrary">
<arg>css=.ant-modal-wrap</arg>
<arg>10s</arg>
<doc>Waits until the element ``locator`` is not visible.</doc>
<status status="PASS" start="2026-01-08T10:39:46.471645" elapsed="1.298249"/>
</kw>
<var name="${letra}">c</var>
<status status="PASS" start="2026-01-08T10:39:39.495576" elapsed="8.274392"/>
</iter>
<iter>
<kw name="Set Variable" owner="BuiltIn">
<msg time="2026-01-08T10:39:47.770495" level="INFO">${usuario} = usuario_d</msg>
<var>${usuario}</var>
<arg>usuario_${letra}</arg>
<doc>Returns the given values which can then be assigned to a variables.</doc>
<status status="PASS" start="2026-01-08T10:39:47.770195" elapsed="0.000327"/>
</kw>
<kw name="Set Variable" owner="BuiltIn">
<msg time="2026-01-08T10:39:47.770801" level="INFO">${senha} = senha_d123</msg>
<var>${senha}</var>
<arg>senha_${letra}123</arg>
<doc>Returns the given values which can then be assigned to a variables.</doc>
<status status="PASS" start="2026-01-08T10:39:47.770637" elapsed="0.000181"/>
</kw>
<kw name="Run Keyword And Return Status" owner="BuiltIn">
<kw name="Wait Until Element Is Visible" owner="SeleniumLibrary">
<arg>xpath=//button[.//span[text()='Adicionar']]</arg>
<arg>10s</arg>
<doc>Waits until the element ``locator`` is visible.</doc>
<status status="PASS" start="2026-01-08T10:39:47.771053" elapsed="0.008227"/>
</kw>
<msg time="2026-01-08T10:39:47.779393" level="INFO">${existe} = True</msg>
<var>${existe}</var>
<arg>Wait Until Element Is Visible</arg>
<arg>xpath=//button[.//span[text()='Adicionar']]</arg>
<arg>10s</arg>
<doc>Runs the specified keyword and returns the status as a Boolean value.</doc>
<status status="PASS" start="2026-01-08T10:39:47.770885" elapsed="0.008528"/>
</kw>
<kw name="Run Keyword If" owner="BuiltIn">
<arg>not ${existe}</arg>
<arg>Exit For Loop</arg>
<doc>Runs the given keyword with the given arguments, if ``condition`` is true.</doc>
<status status="PASS" start="2026-01-08T10:39:47.779532" elapsed="0.000338"/>
</kw>
<kw name="Run Keyword And Return Status" owner="BuiltIn">
<kw name="Element Should Be Enabled" owner="SeleniumLibrary">
<arg>xpath=//button[.//span[text()='Adicionar']]</arg>
<doc>Verifies that element identified by ``locator`` is enabled.</doc>
<status status="PASS" start="2026-01-08T10:39:47.780105" elapsed="0.012135"/>
</kw>
<msg time="2026-01-08T10:39:47.792360" level="INFO">${habilitado} = True</msg>
<var>${habilitado}</var>
<arg>Element Should Be Enabled</arg>
<arg>xpath=//button[.//span[text()='Adicionar']]</arg>
<doc>Runs the specified keyword and returns the status as a Boolean value.</doc>
<status status="PASS" start="2026-01-08T10:39:47.779950" elapsed="0.012429"/>
</kw>
<kw name="Run Keyword If" owner="BuiltIn">
<arg>not ${habilitado}</arg>
<arg>Exit For Loop</arg>
<doc>Runs the given keyword with the given arguments, if ``condition`` is true.</doc>
<status status="PASS" start="2026-01-08T10:39:47.792477" elapsed="0.000237"/>
</kw>
<kw name="Clique Seguro" owner="Usuarios_resource">
<kw name="Run Keyword And Ignore Error" owner="BuiltIn">
<kw name="Wait Until Element Is Not Visible" owner="SeleniumLibrary">
<arg>css=.ant-modal-wrap</arg>
<arg>5s</arg>
<doc>Waits until the element ``locator`` is not visible.</doc>
<status status="PASS" start="2026-01-08T10:39:47.793185" elapsed="0.007540"/>
</kw>
<arg>Wait Until Element Is Not Visible</arg>
<arg>css=.ant-modal-wrap</arg>
<arg>5s</arg>
<doc>Runs the given keyword with the given arguments and ignores possible error.</doc>
<status status="PASS" start="2026-01-08T10:39:47.793012" elapsed="0.007797"/>
</kw>
<kw name="Wait Until Element Is Visible" owner="SeleniumLibrary">
<arg>${locator}</arg>
<arg>10s</arg>
<doc>Waits until the element ``locator`` is visible.</doc>
<status status="PASS" start="2026-01-08T10:39:47.800919" elapsed="0.007709"/>
</kw>
<kw name="Scroll Element Into View" owner="SeleniumLibrary">
<arg>${locator}</arg>
<doc>Scrolls the element identified by ``locator`` into view.</doc>
<status status="PASS" start="2026-01-08T10:39:47.808770" elapsed="0.272865"/>
</kw>
<kw name="Sleep" owner="BuiltIn">
<msg time="2026-01-08T10:39:48.382163" level="INFO">Slept 300 milliseconds.</msg>
<arg>300ms</arg>
<doc>Pauses the test executed for the given time.</doc>
<status status="PASS" start="2026-01-08T10:39:48.081772" elapsed="0.300486"/>
</kw>
<kw name="Run Keyword And Return Status" owner="BuiltIn">
<kw name="Click Element" owner="SeleniumLibrary">
<msg time="2026-01-08T10:39:48.382773" level="INFO">Clicking element 'xpath=//button[.//span[text()='Adicionar']]'.</msg>
<arg>${locator}</arg>
<doc>Click the element identified by ``locator``.</doc>
<status status="PASS" start="2026-01-08T10:39:48.382637" elapsed="0.062353"/>
</kw>
<msg time="2026-01-08T10:39:48.445129" level="INFO">${ok} = True</msg>
<var>${ok}</var>
<arg>Click Element</arg>
<arg>${locator}</arg>
<doc>Runs the specified keyword and returns the status as a Boolean value.</doc>
<status status="PASS" start="2026-01-08T10:39:48.382392" elapsed="0.062758"/>
</kw>
<kw name="Run Keyword If" owner="BuiltIn">
<arg>not ${ok}</arg>
<arg>Clique JS</arg>
<arg>${locator}</arg>
<doc>Runs the given keyword with the given arguments, if ``condition`` is true.</doc>
<status status="PASS" start="2026-01-08T10:39:48.445262" elapsed="0.000244"/>
</kw>
<arg>xpath=//button[.//span[text()='Adicionar']]</arg>
<status status="PASS" start="2026-01-08T10:39:47.792838" elapsed="0.652721"/>
</kw>
<kw name="Wait Until Element Is Visible" owner="SeleniumLibrary">
<arg>id=add_user_form_Name</arg>
<arg>10s</arg>
<doc>Waits until the element ``locator`` is visible.</doc>
<status status="PASS" start="2026-01-08T10:39:48.445657" elapsed="0.221207"/>
</kw>
<kw name="Input Text" owner="SeleniumLibrary">
<msg time="2026-01-08T10:39:48.667389" level="INFO">Typing text 'usuario_d' into text field 'id=add_user_form_Name'.</msg>
<arg>id=add_user_form_Name</arg>
<arg>${usuario}</arg>
<doc>Types the given ``text`` into the text field identified by ``locator``.</doc>
<status status="PASS" start="2026-01-08T10:39:48.667131" elapsed="0.110071"/>
</kw>
<kw name="Input Text" owner="SeleniumLibrary">
<msg time="2026-01-08T10:39:48.779649" level="INFO">Typing text 'senha_d123' into text field 'css=input.passwordCheck-new'.</msg>
<arg>css=input.passwordCheck-new</arg>
<arg>${senha}</arg>
<doc>Types the given ``text`` into the text field identified by ``locator``.</doc>
<status status="PASS" start="2026-01-08T10:39:48.777820" elapsed="0.076282"/>
</kw>
<kw name="Input Text" owner="SeleniumLibrary">
<msg time="2026-01-08T10:39:48.854423" level="INFO">Typing text 'senha_d123' into text field 'css=input.passwordCheck-confirm'.</msg>
<arg>css=input.passwordCheck-confirm</arg>
<arg>${senha}</arg>
<doc>Types the given ``text`` into the text field identified by ``locator``.</doc>
<status status="PASS" start="2026-01-08T10:39:48.854248" elapsed="0.064642"/>
</kw>
<kw name="Clique Seguro" owner="Usuarios_resource">
<kw name="Run Keyword And Ignore Error" owner="BuiltIn">
<kw name="Wait Until Element Is Not Visible" owner="SeleniumLibrary">
<msg time="2026-01-08T10:39:54.032255" level="INFO" html="true">&lt;/td&gt;&lt;/tr&gt;&lt;tr&gt;&lt;td colspan="3"&gt;&lt;a href="selenium-screenshot-114.png"&gt;&lt;img src="selenium-screenshot-114.png" width="800px"&gt;&lt;/a&gt;</msg>
<msg time="2026-01-08T10:39:54.032368" level="FAIL">Element 'css=.ant-modal-wrap' still visible after 5 seconds.</msg>
<arg>css=.ant-modal-wrap</arg>
<arg>5s</arg>
<doc>Waits until the element ``locator`` is not visible.</doc>
<status status="FAIL" start="2026-01-08T10:39:48.920588" elapsed="5.112383">Element 'css=.ant-modal-wrap' still visible after 5 seconds.</status>
</kw>
<arg>Wait Until Element Is Not Visible</arg>
<arg>css=.ant-modal-wrap</arg>
<arg>5s</arg>
<doc>Runs the given keyword with the given arguments and ignores possible error.</doc>
<status status="PASS" start="2026-01-08T10:39:48.920177" elapsed="5.112874"/>
</kw>
<kw name="Wait Until Element Is Visible" owner="SeleniumLibrary">
<arg>${locator}</arg>
<arg>10s</arg>
<doc>Waits until the element ``locator`` is visible.</doc>
<status status="PASS" start="2026-01-08T10:39:54.033151" elapsed="0.010649"/>
</kw>
<kw name="Scroll Element Into View" owner="SeleniumLibrary">
<arg>${locator}</arg>
<doc>Scrolls the element identified by ``locator`` into view.</doc>
<status status="PASS" start="2026-01-08T10:39:54.043942" elapsed="0.277115"/>
</kw>
<kw name="Sleep" owner="BuiltIn">
<msg time="2026-01-08T10:39:54.621599" level="INFO">Slept 300 milliseconds.</msg>
<arg>300ms</arg>
<doc>Pauses the test executed for the given time.</doc>
<status status="PASS" start="2026-01-08T10:39:54.321197" elapsed="0.300499"/>
</kw>
<kw name="Run Keyword And Return Status" owner="BuiltIn">
<kw name="Click Element" owner="SeleniumLibrary">
<msg time="2026-01-08T10:39:54.622232" level="INFO">Clicking element 'xpath=//div[contains(@class,'ant-modal')]//button[.//span[text()='Aplicar']]'.</msg>
<arg>${locator}</arg>
<doc>Click the element identified by ``locator``.</doc>
<status status="PASS" start="2026-01-08T10:39:54.622083" elapsed="0.044955"/>
</kw>
<msg time="2026-01-08T10:39:54.667238" level="INFO">${ok} = True</msg>
<var>${ok}</var>
<arg>Click Element</arg>
<arg>${locator}</arg>
<doc>Runs the specified keyword and returns the status as a Boolean value.</doc>
<status status="PASS" start="2026-01-08T10:39:54.621830" elapsed="0.045450"/>
</kw>
<kw name="Run Keyword If" owner="BuiltIn">
<arg>not ${ok}</arg>
<arg>Clique JS</arg>
<arg>${locator}</arg>
<doc>Runs the given keyword with the given arguments, if ``condition`` is true.</doc>
<status status="PASS" start="2026-01-08T10:39:54.667408" elapsed="0.000268"/>
</kw>
<arg>xpath=//div[contains(@class,'ant-modal')]//button[.//span[text()='Aplicar']]</arg>
<status status="PASS" start="2026-01-08T10:39:48.919451" elapsed="5.748284"/>
</kw>
<kw name="Wait Until Element Is Not Visible" owner="SeleniumLibrary">
<arg>css=.ant-modal-wrap</arg>
<arg>10s</arg>
<doc>Waits until the element ``locator`` is not visible.</doc>
<status status="PASS" start="2026-01-08T10:39:54.667816" elapsed="1.353863"/>
</kw>
<var name="${letra}">d</var>
<status status="PASS" start="2026-01-08T10:39:47.770105" elapsed="8.251645"/>
</iter>
<iter>
<kw name="Set Variable" owner="BuiltIn">
<msg time="2026-01-08T10:39:56.022210" level="INFO">${usuario} = usuario_e</msg>
<var>${usuario}</var>
<arg>usuario_${letra}</arg>
<doc>Returns the given values which can then be assigned to a variables.</doc>
<status status="PASS" start="2026-01-08T10:39:56.021976" elapsed="0.000254"/>
</kw>
<kw name="Set Variable" owner="BuiltIn">
<msg time="2026-01-08T10:39:56.022459" level="INFO">${senha} = senha_e123</msg>
<var>${senha}</var>
<arg>senha_${letra}123</arg>
<doc>Returns the given values which can then be assigned to a variables.</doc>
<status status="PASS" start="2026-01-08T10:39:56.022304" elapsed="0.000172"/>
</kw>
<kw name="Run Keyword And Return Status" owner="BuiltIn">
<kw name="Wait Until Element Is Visible" owner="SeleniumLibrary">
<arg>xpath=//button[.//span[text()='Adicionar']]</arg>
<arg>10s</arg>
<doc>Waits until the element ``locator`` is visible.</doc>
<status status="PASS" start="2026-01-08T10:39:56.022715" elapsed="0.008964"/>
</kw>
<msg time="2026-01-08T10:39:56.031798" level="INFO">${existe} = True</msg>
<var>${existe}</var>
<arg>Wait Until Element Is Visible</arg>
<arg>xpath=//button[.//span[text()='Adicionar']]</arg>
<arg>10s</arg>
<doc>Runs the specified keyword and returns the status as a Boolean value.</doc>
<status status="PASS" start="2026-01-08T10:39:56.022546" elapsed="0.009272"/>
</kw>
<kw name="Run Keyword If" owner="BuiltIn">
<arg>not ${existe}</arg>
<arg>Exit For Loop</arg>
<doc>Runs the given keyword with the given arguments, if ``condition`` is true.</doc>
<status status="PASS" start="2026-01-08T10:39:56.031923" elapsed="0.000244"/>
</kw>
<kw name="Run Keyword And Return Status" owner="BuiltIn">
<kw name="Element Should Be Enabled" owner="SeleniumLibrary">
<arg>xpath=//button[.//span[text()='Adicionar']]</arg>
<doc>Verifies that element identified by ``locator`` is enabled.</doc>
<status status="PASS" start="2026-01-08T10:39:56.032403" elapsed="0.013052"/>
</kw>
<msg time="2026-01-08T10:39:56.045573" level="INFO">${habilitado} = True</msg>
<var>${habilitado}</var>
<arg>Element Should Be Enabled</arg>
<arg>xpath=//button[.//span[text()='Adicionar']]</arg>
<doc>Runs the specified keyword and returns the status as a Boolean value.</doc>
<status status="PASS" start="2026-01-08T10:39:56.032251" elapsed="0.013342"/>
</kw>
<kw name="Run Keyword If" owner="BuiltIn">
<arg>not ${habilitado}</arg>
<arg>Exit For Loop</arg>
<doc>Runs the given keyword with the given arguments, if ``condition`` is true.</doc>
<status status="PASS" start="2026-01-08T10:39:56.045704" elapsed="0.000263"/>
</kw>
<kw name="Clique Seguro" owner="Usuarios_resource">
<kw name="Run Keyword And Ignore Error" owner="BuiltIn">
<kw name="Wait Until Element Is Not Visible" owner="SeleniumLibrary">
<arg>css=.ant-modal-wrap</arg>
<arg>5s</arg>
<doc>Waits until the element ``locator`` is not visible.</doc>
<status status="PASS" start="2026-01-08T10:39:56.046438" elapsed="0.008065"/>
</kw>
<arg>Wait Until Element Is Not Visible</arg>
<arg>css=.ant-modal-wrap</arg>
<arg>5s</arg>
<doc>Runs the given keyword with the given arguments and ignores possible error.</doc>
<status status="PASS" start="2026-01-08T10:39:56.046278" elapsed="0.008312"/>
</kw>
<kw name="Wait Until Element Is Visible" owner="SeleniumLibrary">
<arg>${locator}</arg>
<arg>10s</arg>
<doc>Waits until the element ``locator`` is visible.</doc>
<status status="PASS" start="2026-01-08T10:39:56.054699" elapsed="0.008614"/>
</kw>
<kw name="Scroll Element Into View" owner="SeleniumLibrary">
<arg>${locator}</arg>
<doc>Scrolls the element identified by ``locator`` into view.</doc>
<status status="PASS" start="2026-01-08T10:39:56.063514" elapsed="0.293151"/>
</kw>
<kw name="Sleep" owner="BuiltIn">
<msg time="2026-01-08T10:39:56.657356" level="INFO">Slept 300 milliseconds.</msg>
<arg>300ms</arg>
<doc>Pauses the test executed for the given time.</doc>
<status status="PASS" start="2026-01-08T10:39:56.356798" elapsed="0.300658"/>
</kw>
<kw name="Run Keyword And Return Status" owner="BuiltIn">
<kw name="Click Element" owner="SeleniumLibrary">
<msg time="2026-01-08T10:39:56.658060" level="INFO">Clicking element 'xpath=//button[.//span[text()='Adicionar']]'.</msg>
<arg>${locator}</arg>
<doc>Click the element identified by ``locator``.</doc>
<status status="PASS" start="2026-01-08T10:39:56.657910" elapsed="0.058988"/>
</kw>
<msg time="2026-01-08T10:39:56.717211" level="INFO">${ok} = True</msg>
<var>${ok}</var>
<arg>Click Element</arg>
<arg>${locator}</arg>
<doc>Runs the specified keyword and returns the status as a Boolean value.</doc>
<status status="PASS" start="2026-01-08T10:39:56.657644" elapsed="0.059594"/>
</kw>
<kw name="Run Keyword If" owner="BuiltIn">
<arg>not ${ok}</arg>
<arg>Clique JS</arg>
<arg>${locator}</arg>
<doc>Runs the given keyword with the given arguments, if ``condition`` is true.</doc>
<status status="PASS" start="2026-01-08T10:39:56.717406" elapsed="0.000484"/>
</kw>
<arg>xpath=//button[.//span[text()='Adicionar']]</arg>
<status status="PASS" start="2026-01-08T10:39:56.046103" elapsed="0.671909"/>
</kw>
<kw name="Wait Until Element Is Visible" owner="SeleniumLibrary">
<arg>id=add_user_form_Name</arg>
<arg>10s</arg>
<doc>Waits until the element ``locator`` is visible.</doc>
<status status="PASS" start="2026-01-08T10:39:56.718216" elapsed="0.226680"/>
</kw>
<kw name="Input Text" owner="SeleniumLibrary">
<msg time="2026-01-08T10:39:56.945224" level="INFO">Typing text 'usuario_e' into text field 'id=add_user_form_Name'.</msg>
<arg>id=add_user_form_Name</arg>
<arg>${usuario}</arg>
<doc>Types the given ``text`` into the text field identified by ``locator``.</doc>
<status status="PASS" start="2026-01-08T10:39:56.945044" elapsed="0.102088"/>
</kw>
<kw name="Input Text" owner="SeleniumLibrary">
<msg time="2026-01-08T10:39:57.047588" level="INFO">Typing text 'senha_e123' into text field 'css=input.passwordCheck-new'.</msg>
<arg>css=input.passwordCheck-new</arg>
<arg>${senha}</arg>
<doc>Types the given ``text`` into the text field identified by ``locator``.</doc>
<status status="PASS" start="2026-01-08T10:39:57.047347" elapsed="0.082921"/>
</kw>
<kw name="Input Text" owner="SeleniumLibrary">
<msg time="2026-01-08T10:39:57.130681" level="INFO">Typing text 'senha_e123' into text field 'css=input.passwordCheck-confirm'.</msg>
<arg>css=input.passwordCheck-confirm</arg>
<arg>${senha}</arg>
<doc>Types the given ``text`` into the text field identified by ``locator``.</doc>
<status status="PASS" start="2026-01-08T10:39:57.130445" elapsed="0.064633"/>
</kw>
<kw name="Clique Seguro" owner="Usuarios_resource">
<kw name="Run Keyword And Ignore Error" owner="BuiltIn">
<kw name="Wait Until Element Is Not Visible" owner="SeleniumLibrary">
<msg time="2026-01-08T10:40:02.305495" level="INFO" html="true">&lt;/td&gt;&lt;/tr&gt;&lt;tr&gt;&lt;td colspan="3"&gt;&lt;a href="selenium-screenshot-115.png"&gt;&lt;img src="selenium-screenshot-115.png" width="800px"&gt;&lt;/a&gt;</msg>
<msg time="2026-01-08T10:40:02.305611" level="FAIL">Element 'css=.ant-modal-wrap' still visible after 5 seconds.</msg>
<arg>css=.ant-modal-wrap</arg>
<arg>5s</arg>
<doc>Waits until the element ``locator`` is not visible.</doc>
<status status="FAIL" start="2026-01-08T10:39:57.195830" elapsed="5.110427">Element 'css=.ant-modal-wrap' still visible after 5 seconds.</status>
</kw>
<arg>Wait Until Element Is Not Visible</arg>
<arg>css=.ant-modal-wrap</arg>
<arg>5s</arg>
<doc>Runs the given keyword with the given arguments and ignores possible error.</doc>
<status status="PASS" start="2026-01-08T10:39:57.195583" elapsed="5.110754"/>
</kw>
<kw name="Wait Until Element Is Visible" owner="SeleniumLibrary">
<arg>${locator}</arg>
<arg>10s</arg>
<doc>Waits until the element ``locator`` is visible.</doc>
<status status="PASS" start="2026-01-08T10:40:02.306462" elapsed="0.008375"/>
</kw>
<kw name="Scroll Element Into View" owner="SeleniumLibrary">
<arg>${locator}</arg>
<doc>Scrolls the element identified by ``locator`` into view.</doc>
<status status="PASS" start="2026-01-08T10:40:02.314973" elapsed="0.279071"/>
</kw>
<kw name="Sleep" owner="BuiltIn">
<msg time="2026-01-08T10:40:02.894986" level="INFO">Slept 300 milliseconds.</msg>
<arg>300ms</arg>
<doc>Pauses the test executed for the given time.</doc>
<status status="PASS" start="2026-01-08T10:40:02.594184" elapsed="0.300895"/>
</kw>
<kw name="Run Keyword And Return Status" owner="BuiltIn">
<kw name="Click Element" owner="SeleniumLibrary">
<msg time="2026-01-08T10:40:02.895659" level="INFO">Clicking element 'xpath=//div[contains(@class,'ant-modal')]//button[.//span[text()='Aplicar']]'.</msg>
<arg>${locator}</arg>
<doc>Click the element identified by ``locator``.</doc>
<status status="PASS" start="2026-01-08T10:40:02.895471" elapsed="0.050862"/>
</kw>
<msg time="2026-01-08T10:40:02.946452" level="INFO">${ok} = True</msg>
<var>${ok}</var>
<arg>Click Element</arg>
<arg>${locator}</arg>
<doc>Runs the specified keyword and returns the status as a Boolean value.</doc>
<status status="PASS" start="2026-01-08T10:40:02.895203" elapsed="0.051271"/>
</kw>
<kw name="Run Keyword If" owner="BuiltIn">
<arg>not ${ok}</arg>
<arg>Clique JS</arg>
<arg>${locator}</arg>
<doc>Runs the given keyword with the given arguments, if ``condition`` is true.</doc>
<status status="PASS" start="2026-01-08T10:40:02.946686" elapsed="0.000317"/>
</kw>
<arg>xpath=//div[contains(@class,'ant-modal')]//button[.//span[text()='Aplicar']]</arg>
<status status="PASS" start="2026-01-08T10:39:57.195330" elapsed="5.751737"/>
</kw>
<kw name="Wait Until Element Is Not Visible" owner="SeleniumLibrary">
<arg>css=.ant-modal-wrap</arg>
<arg>10s</arg>
<doc>Waits until the element ``locator`` is not visible.</doc>
<status status="PASS" start="2026-01-08T10:40:02.947150" elapsed="1.522910"/>
</kw>
<var name="${letra}">e</var>
<status status="PASS" start="2026-01-08T10:39:56.021885" elapsed="8.448246"/>
</iter>
<iter>
<kw name="Set Variable" owner="BuiltIn">
<msg time="2026-01-08T10:40:04.470594" level="INFO">${usuario} = usuario_f</msg>
<var>${usuario}</var>
<arg>usuario_${letra}</arg>
<doc>Returns the given values which can then be assigned to a variables.</doc>
<status status="PASS" start="2026-01-08T10:40:04.470354" elapsed="0.000262"/>
</kw>
<kw name="Set Variable" owner="BuiltIn">
<msg time="2026-01-08T10:40:04.470847" level="INFO">${senha} = senha_f123</msg>
<var>${senha}</var>
<arg>senha_${letra}123</arg>
<doc>Returns the given values which can then be assigned to a variables.</doc>
<status status="PASS" start="2026-01-08T10:40:04.470690" elapsed="0.000174"/>
</kw>
<kw name="Run Keyword And Return Status" owner="BuiltIn">
<kw name="Wait Until Element Is Visible" owner="SeleniumLibrary">
<arg>xpath=//button[.//span[text()='Adicionar']]</arg>
<arg>10s</arg>
<doc>Waits until the element ``locator`` is visible.</doc>
<status status="PASS" start="2026-01-08T10:40:04.471136" elapsed="0.008577"/>
</kw>
<msg time="2026-01-08T10:40:04.479832" level="INFO">${existe} = True</msg>
<var>${existe}</var>
<arg>Wait Until Element Is Visible</arg>
<arg>xpath=//button[.//span[text()='Adicionar']]</arg>
<arg>10s</arg>
<doc>Runs the specified keyword and returns the status as a Boolean value.</doc>
<status status="PASS" start="2026-01-08T10:40:04.470934" elapsed="0.008918"/>
</kw>
<kw name="Run Keyword If" owner="BuiltIn">
<arg>not ${existe}</arg>
<arg>Exit For Loop</arg>
<doc>Runs the given keyword with the given arguments, if ``condition`` is true.</doc>
<status status="PASS" start="2026-01-08T10:40:04.479959" elapsed="0.000262"/>
</kw>
<kw name="Run Keyword And Return Status" owner="BuiltIn">
<kw name="Element Should Be Enabled" owner="SeleniumLibrary">
<arg>xpath=//button[.//span[text()='Adicionar']]</arg>
<doc>Verifies that element identified by ``locator`` is enabled.</doc>
<status status="PASS" start="2026-01-08T10:40:04.480478" elapsed="0.011423"/>
</kw>
<msg time="2026-01-08T10:40:04.492019" level="INFO">${habilitado} = True</msg>
<var>${habilitado}</var>
<arg>Element Should Be Enabled</arg>
<arg>xpath=//button[.//span[text()='Adicionar']]</arg>
<doc>Runs the specified keyword and returns the status as a Boolean value.</doc>
<status status="PASS" start="2026-01-08T10:40:04.480312" elapsed="0.011777"/>
</kw>
<kw name="Run Keyword If" owner="BuiltIn">
<arg>not ${habilitado}</arg>
<arg>Exit For Loop</arg>
<doc>Runs the given keyword with the given arguments, if ``condition`` is true.</doc>
<status status="PASS" start="2026-01-08T10:40:04.492203" elapsed="0.000262"/>
</kw>
<kw name="Clique Seguro" owner="Usuarios_resource">
<kw name="Run Keyword And Ignore Error" owner="BuiltIn">
<kw name="Wait Until Element Is Not Visible" owner="SeleniumLibrary">
<arg>css=.ant-modal-wrap</arg>
<arg>5s</arg>
<doc>Waits until the element ``locator`` is not visible.</doc>
<status status="PASS" start="2026-01-08T10:40:04.492924" elapsed="0.008217"/>
</kw>
<arg>Wait Until Element Is Not Visible</arg>
<arg>css=.ant-modal-wrap</arg>
<arg>5s</arg>
<doc>Runs the given keyword with the given arguments and ignores possible error.</doc>
<status status="PASS" start="2026-01-08T10:40:04.492751" elapsed="0.008470"/>
</kw>
<kw name="Wait Until Element Is Visible" owner="SeleniumLibrary">
<arg>${locator}</arg>
<arg>10s</arg>
<doc>Waits until the element ``locator`` is visible.</doc>
<status status="PASS" start="2026-01-08T10:40:04.501328" elapsed="0.007769"/>
</kw>
<kw name="Scroll Element Into View" owner="SeleniumLibrary">
<arg>${locator}</arg>
<doc>Scrolls the element identified by ``locator`` into view.</doc>
<status status="PASS" start="2026-01-08T10:40:04.509236" elapsed="0.279012"/>
</kw>
<kw name="Sleep" owner="BuiltIn">
<msg time="2026-01-08T10:40:05.089233" level="INFO">Slept 300 milliseconds.</msg>
<arg>300ms</arg>
<doc>Pauses the test executed for the given time.</doc>
<status status="PASS" start="2026-01-08T10:40:04.788381" elapsed="0.300949"/>
</kw>
<kw name="Run Keyword And Return Status" owner="BuiltIn">
<kw name="Click Element" owner="SeleniumLibrary">
<msg time="2026-01-08T10:40:05.089847" level="INFO">Clicking element 'xpath=//button[.//span[text()='Adicionar']]'.</msg>
<arg>${locator}</arg>
<doc>Click the element identified by ``locator``.</doc>
<status status="PASS" start="2026-01-08T10:40:05.089710" elapsed="0.063655"/>
</kw>
<msg time="2026-01-08T10:40:05.153489" level="INFO">${ok} = True</msg>
<var>${ok}</var>
<arg>Click Element</arg>
<arg>${locator}</arg>
<doc>Runs the specified keyword and returns the status as a Boolean value.</doc>
<status status="PASS" start="2026-01-08T10:40:05.089467" elapsed="0.064043"/>
</kw>
<kw name="Run Keyword If" owner="BuiltIn">
<arg>not ${ok}</arg>
<arg>Clique JS</arg>
<arg>${locator}</arg>
<doc>Runs the given keyword with the given arguments, if ``condition`` is true.</doc>
<status status="PASS" start="2026-01-08T10:40:05.153702" elapsed="0.000676"/>
</kw>
<arg>xpath=//button[.//span[text()='Adicionar']]</arg>
<status status="PASS" start="2026-01-08T10:40:04.492587" elapsed="0.661971"/>
</kw>
<kw name="Wait Until Element Is Visible" owner="SeleniumLibrary">
<arg>id=add_user_form_Name</arg>
<arg>10s</arg>
<doc>Waits until the element ``locator`` is visible.</doc>
<status status="PASS" start="2026-01-08T10:40:05.154829" elapsed="0.224264"/>
</kw>
<kw name="Input Text" owner="SeleniumLibrary">
<msg time="2026-01-08T10:40:05.379414" level="INFO">Typing text 'usuario_f' into text field 'id=add_user_form_Name'.</msg>
<arg>id=add_user_form_Name</arg>
<arg>${usuario}</arg>
<doc>Types the given ``text`` into the text field identified by ``locator``.</doc>
<status status="PASS" start="2026-01-08T10:40:05.379232" elapsed="0.103922"/>
</kw>
<kw name="Input Text" owner="SeleniumLibrary">
<msg time="2026-01-08T10:40:05.484009" level="INFO">Typing text 'senha_f123' into text field 'css=input.passwordCheck-new'.</msg>
<arg>css=input.passwordCheck-new</arg>
<arg>${senha}</arg>
<doc>Types the given ``text`` into the text field identified by ``locator``.</doc>
<status status="PASS" start="2026-01-08T10:40:05.483596" elapsed="0.091781"/>
</kw>
<kw name="Input Text" owner="SeleniumLibrary">
<msg time="2026-01-08T10:40:05.575925" level="INFO">Typing text 'senha_f123' into text field 'css=input.passwordCheck-confirm'.</msg>
<arg>css=input.passwordCheck-confirm</arg>
<arg>${senha}</arg>
<doc>Types the given ``text`` into the text field identified by ``locator``.</doc>
<status status="PASS" start="2026-01-08T10:40:05.575613" elapsed="0.092651"/>
</kw>
<kw name="Clique Seguro" owner="Usuarios_resource">
<kw name="Run Keyword And Ignore Error" owner="BuiltIn">
<kw name="Wait Until Element Is Not Visible" owner="SeleniumLibrary">
<msg time="2026-01-08T10:40:10.798715" level="INFO" html="true">&lt;/td&gt;&lt;/tr&gt;&lt;tr&gt;&lt;td colspan="3"&gt;&lt;a href="selenium-screenshot-116.png"&gt;&lt;img src="selenium-screenshot-116.png" width="800px"&gt;&lt;/a&gt;</msg>
<msg time="2026-01-08T10:40:10.798826" level="FAIL">Element 'css=.ant-modal-wrap' still visible after 5 seconds.</msg>
<arg>css=.ant-modal-wrap</arg>
<arg>5s</arg>
<doc>Waits until the element ``locator`` is not visible.</doc>
<status status="FAIL" start="2026-01-08T10:40:05.669333" elapsed="5.130156">Element 'css=.ant-modal-wrap' still visible after 5 seconds.</status>
</kw>
<arg>Wait Until Element Is Not Visible</arg>
<arg>css=.ant-modal-wrap</arg>
<arg>5s</arg>
<doc>Runs the given keyword with the given arguments and ignores possible error.</doc>
<status status="PASS" start="2026-01-08T10:40:05.668977" elapsed="5.130596"/>
</kw>
<kw name="Wait Until Element Is Visible" owner="SeleniumLibrary">
<arg>${locator}</arg>
<arg>10s</arg>
<doc>Waits until the element ``locator`` is visible.</doc>
<status status="PASS" start="2026-01-08T10:40:10.799672" elapsed="0.010496"/>
</kw>
<kw name="Scroll Element Into View" owner="SeleniumLibrary">
<arg>${locator}</arg>
<doc>Scrolls the element identified by ``locator`` into view.</doc>
<status status="PASS" start="2026-01-08T10:40:10.810316" elapsed="0.281474"/>
</kw>
<kw name="Sleep" owner="BuiltIn">
<msg time="2026-01-08T10:40:11.392668" level="INFO">Slept 300 milliseconds.</msg>
<arg>300ms</arg>
<doc>Pauses the test executed for the given time.</doc>
<status status="PASS" start="2026-01-08T10:40:11.091929" elapsed="0.300831"/>
</kw>
<kw name="Run Keyword And Return Status" owner="BuiltIn">
<kw name="Click Element" owner="SeleniumLibrary">
<msg time="2026-01-08T10:40:11.393275" level="INFO">Clicking element 'xpath=//div[contains(@class,'ant-modal')]//button[.//span[text()='Aplicar']]'.</msg>
<arg>${locator}</arg>
<doc>Click the element identified by ``locator``.</doc>
<status status="PASS" start="2026-01-08T10:40:11.393134" elapsed="0.060237"/>
</kw>
<msg time="2026-01-08T10:40:11.453647" level="INFO">${ok} = True</msg>
<var>${ok}</var>
<arg>Click Element</arg>
<arg>${locator}</arg>
<doc>Runs the specified keyword and returns the status as a Boolean value.</doc>
<status status="PASS" start="2026-01-08T10:40:11.392892" elapsed="0.060829"/>
</kw>
<kw name="Run Keyword If" owner="BuiltIn">
<arg>not ${ok}</arg>
<arg>Clique JS</arg>
<arg>${locator}</arg>
<doc>Runs the given keyword with the given arguments, if ``condition`` is true.</doc>
<status status="PASS" start="2026-01-08T10:40:11.453963" elapsed="0.000308"/>
</kw>
<arg>xpath=//div[contains(@class,'ant-modal')]//button[.//span[text()='Aplicar']]</arg>
<status status="PASS" start="2026-01-08T10:40:05.668697" elapsed="5.785668"/>
</kw>
<kw name="Wait Until Element Is Not Visible" owner="SeleniumLibrary">
<arg>css=.ant-modal-wrap</arg>
<arg>10s</arg>
<doc>Waits until the element ``locator`` is not visible.</doc>
<status status="PASS" start="2026-01-08T10:40:11.454459" elapsed="1.372068"/>
</kw>
<var name="${letra}">f</var>
<status status="PASS" start="2026-01-08T10:40:04.470264" elapsed="8.356331"/>
</iter>
<iter>
<kw name="Set Variable" owner="BuiltIn">
<msg time="2026-01-08T10:40:12.827072" level="INFO">${usuario} = usuario_g</msg>
<var>${usuario}</var>
<arg>usuario_${letra}</arg>
<doc>Returns the given values which can then be assigned to a variables.</doc>
<status status="PASS" start="2026-01-08T10:40:12.826828" elapsed="0.000266"/>
</kw>
<kw name="Set Variable" owner="BuiltIn">
<msg time="2026-01-08T10:40:12.827398" level="INFO">${senha} = senha_g123</msg>
<var>${senha}</var>
<arg>senha_${letra}123</arg>
<doc>Returns the given values which can then be assigned to a variables.</doc>
<status status="PASS" start="2026-01-08T10:40:12.827223" elapsed="0.000192"/>
</kw>
<kw name="Run Keyword And Return Status" owner="BuiltIn">
<kw name="Wait Until Element Is Visible" owner="SeleniumLibrary">
<arg>xpath=//button[.//span[text()='Adicionar']]</arg>
<arg>10s</arg>
<doc>Waits until the element ``locator`` is visible.</doc>
<status status="PASS" start="2026-01-08T10:40:12.827654" elapsed="0.008653"/>
</kw>
<msg time="2026-01-08T10:40:12.836426" level="INFO">${existe} = True</msg>
<var>${existe}</var>
<arg>Wait Until Element Is Visible</arg>
<arg>xpath=//button[.//span[text()='Adicionar']]</arg>
<arg>10s</arg>
<doc>Runs the specified keyword and returns the status as a Boolean value.</doc>
<status status="PASS" start="2026-01-08T10:40:12.827485" elapsed="0.008960"/>
</kw>
<kw name="Run Keyword If" owner="BuiltIn">
<arg>not ${existe}</arg>
<arg>Exit For Loop</arg>
<doc>Runs the given keyword with the given arguments, if ``condition`` is true.</doc>
<status status="PASS" start="2026-01-08T10:40:12.836554" elapsed="0.000249"/>
</kw>
<kw name="Run Keyword And Return Status" owner="BuiltIn">
<kw name="Element Should Be Enabled" owner="SeleniumLibrary">
<arg>xpath=//button[.//span[text()='Adicionar']]</arg>
<doc>Verifies that element identified by ``locator`` is enabled.</doc>
<status status="PASS" start="2026-01-08T10:40:12.837040" elapsed="0.010762"/>
</kw>
<msg time="2026-01-08T10:40:12.847916" level="INFO">${habilitado} = True</msg>
<var>${habilitado}</var>
<arg>Element Should Be Enabled</arg>
<arg>xpath=//button[.//span[text()='Adicionar']]</arg>
<doc>Runs the specified keyword and returns the status as a Boolean value.</doc>
<status status="PASS" start="2026-01-08T10:40:12.836894" elapsed="0.011043"/>
</kw>
<kw name="Run Keyword If" owner="BuiltIn">
<arg>not ${habilitado}</arg>
<arg>Exit For Loop</arg>
<doc>Runs the given keyword with the given arguments, if ``condition`` is true.</doc>
<status status="PASS" start="2026-01-08T10:40:12.848040" elapsed="0.000267"/>
</kw>
<kw name="Clique Seguro" owner="Usuarios_resource">
<kw name="Run Keyword And Ignore Error" owner="BuiltIn">
<kw name="Wait Until Element Is Not Visible" owner="SeleniumLibrary">
<arg>css=.ant-modal-wrap</arg>
<arg>5s</arg>
<doc>Waits until the element ``locator`` is not visible.</doc>
<status status="PASS" start="2026-01-08T10:40:12.848768" elapsed="0.008539"/>
</kw>
<arg>Wait Until Element Is Not Visible</arg>
<arg>css=.ant-modal-wrap</arg>
<arg>5s</arg>
<doc>Runs the given keyword with the given arguments and ignores possible error.</doc>
<status status="PASS" start="2026-01-08T10:40:12.848612" elapsed="0.008769"/>
</kw>
<kw name="Wait Until Element Is Visible" owner="SeleniumLibrary">
<arg>${locator}</arg>
<arg>10s</arg>
<doc>Waits until the element ``locator`` is visible.</doc>
<status status="PASS" start="2026-01-08T10:40:12.857488" elapsed="0.007531"/>
</kw>
<kw name="Scroll Element Into View" owner="SeleniumLibrary">
<arg>${locator}</arg>
<doc>Scrolls the element identified by ``locator`` into view.</doc>
<status status="PASS" start="2026-01-08T10:40:12.865146" elapsed="0.285247"/>
</kw>
<kw name="Sleep" owner="BuiltIn">
<msg time="2026-01-08T10:40:13.451340" level="INFO">Slept 300 milliseconds.</msg>
<arg>300ms</arg>
<doc>Pauses the test executed for the given time.</doc>
<status status="PASS" start="2026-01-08T10:40:13.150542" elapsed="0.300922"/>
</kw>
<kw name="Run Keyword And Return Status" owner="BuiltIn">
<kw name="Click Element" owner="SeleniumLibrary">
<msg time="2026-01-08T10:40:13.451994" level="INFO">Clicking element 'xpath=//button[.//span[text()='Adicionar']]'.</msg>
<arg>${locator}</arg>
<doc>Click the element identified by ``locator``.</doc>
<status status="PASS" start="2026-01-08T10:40:13.451849" elapsed="0.059488"/>
</kw>
<msg time="2026-01-08T10:40:13.511451" level="INFO">${ok} = True</msg>
<var>${ok}</var>
<arg>Click Element</arg>
<arg>${locator}</arg>
<doc>Runs the specified keyword and returns the status as a Boolean value.</doc>
<status status="PASS" start="2026-01-08T10:40:13.451613" elapsed="0.059855"/>
</kw>
<kw name="Run Keyword If" owner="BuiltIn">
<arg>not ${ok}</arg>
<arg>Clique JS</arg>
<arg>${locator}</arg>
<doc>Runs the given keyword with the given arguments, if ``condition`` is true.</doc>
<status status="PASS" start="2026-01-08T10:40:13.511578" elapsed="0.000249"/>
</kw>
<arg>xpath=//button[.//span[text()='Adicionar']]</arg>
<status status="PASS" start="2026-01-08T10:40:12.848443" elapsed="0.663442"/>
</kw>
<kw name="Wait Until Element Is Visible" owner="SeleniumLibrary">
<arg>id=add_user_form_Name</arg>
<arg>10s</arg>
<doc>Waits until the element ``locator`` is visible.</doc>
<status status="PASS" start="2026-01-08T10:40:13.511967" elapsed="0.220337"/>
</kw>
<kw name="Input Text" owner="SeleniumLibrary">
<msg time="2026-01-08T10:40:13.732628" level="INFO">Typing text 'usuario_g' into text field 'id=add_user_form_Name'.</msg>
<arg>id=add_user_form_Name</arg>
<arg>${usuario}</arg>
<doc>Types the given ``text`` into the text field identified by ``locator``.</doc>
<status status="PASS" start="2026-01-08T10:40:13.732444" elapsed="0.107425"/>
</kw>
<kw name="Input Text" owner="SeleniumLibrary">
<msg time="2026-01-08T10:40:13.841617" level="INFO">Typing text 'senha_g123' into text field 'css=input.passwordCheck-new'.</msg>
<arg>css=input.passwordCheck-new</arg>
<arg>${senha}</arg>
<doc>Types the given ``text`` into the text field identified by ``locator``.</doc>
<status status="PASS" start="2026-01-08T10:40:13.840528" elapsed="0.102114"/>
</kw>
<kw name="Input Text" owner="SeleniumLibrary">
<msg time="2026-01-08T10:40:13.942978" level="INFO">Typing text 'senha_g123' into text field 'css=input.passwordCheck-confirm'.</msg>
<arg>css=input.passwordCheck-confirm</arg>
<arg>${senha}</arg>
<doc>Types the given ``text`` into the text field identified by ``locator``.</doc>
<status status="PASS" start="2026-01-08T10:40:13.942788" elapsed="0.069284"/>
</kw>
<kw name="Clique Seguro" owner="Usuarios_resource">
<kw name="Run Keyword And Ignore Error" owner="BuiltIn">
<kw name="Wait Until Element Is Not Visible" owner="SeleniumLibrary">
<msg time="2026-01-08T10:40:19.118871" level="INFO" html="true">&lt;/td&gt;&lt;/tr&gt;&lt;tr&gt;&lt;td colspan="3"&gt;&lt;a href="selenium-screenshot-117.png"&gt;&lt;img src="selenium-screenshot-117.png" width="800px"&gt;&lt;/a&gt;</msg>
<msg time="2026-01-08T10:40:19.118994" level="FAIL">Element 'css=.ant-modal-wrap' still visible after 5 seconds.</msg>
<arg>css=.ant-modal-wrap</arg>
<arg>5s</arg>
<doc>Waits until the element ``locator`` is not visible.</doc>
<status status="FAIL" start="2026-01-08T10:40:14.012775" elapsed="5.106852">Element 'css=.ant-modal-wrap' still visible after 5 seconds.</status>
</kw>
<arg>Wait Until Element Is Not Visible</arg>
<arg>css=.ant-modal-wrap</arg>
<arg>5s</arg>
<doc>Runs the given keyword with the given arguments and ignores possible error.</doc>
<status status="PASS" start="2026-01-08T10:40:14.012547" elapsed="5.107160"/>
</kw>
[...]
</kw>
<kw name="Input Text" owner="SeleniumLibrary">
<msg time="2026-01-08T10:41:39.777178" level="INFO">Typing text 'senha_q123' into text field 'css=input.passwordCheck-new'.</msg>
<arg>css=input.passwordCheck-new</arg>
<arg>${senha}</arg>
<doc>Types the given ``text`` into the text field identified by ``locator``.</doc>
<status status="PASS" start="2026-01-08T10:41:39.776331" elapsed="0.075599"/>
</kw>
<kw name="Input Text" owner="SeleniumLibrary">
<msg time="2026-01-08T10:41:39.852275" level="INFO">Typing text 'senha_q123' into text field 'css=input.passwordCheck-confirm'.</msg>
<arg>css=input.passwordCheck-confirm</arg>
<arg>${senha}</arg>
<doc>Types the given ``text`` into the text field identified by ``locator``.</doc>
<status status="PASS" start="2026-01-08T10:41:39.852083" elapsed="0.068557"/>
</kw>
<kw name="Clique Seguro" owner="Usuarios_resource">
<kw name="Run Keyword And Ignore Error" owner="BuiltIn">
<kw name="Wait Until Element Is Not Visible" owner="SeleniumLibrary">
<msg time="2026-01-08T10:41:45.037475" level="INFO" html="true">&lt;/td&gt;&lt;/tr&gt;&lt;tr&gt;&lt;td colspan="3"&gt;&lt;a href="selenium-screenshot-127.png"&gt;&lt;img src="selenium-screenshot-127.png" width="800px"&gt;&lt;/a&gt;</msg>
<msg time="2026-01-08T10:41:45.037591" level="FAIL">Element 'css=.ant-modal-wrap' still visible after 5 seconds.</msg>
<arg>css=.ant-modal-wrap</arg>
<arg>5s</arg>
<doc>Waits until the element ``locator`` is not visible.</doc>
<status status="FAIL" start="2026-01-08T10:41:39.921307" elapsed="5.116919">Element 'css=.ant-modal-wrap' still visible after 5 seconds.</status>
</kw>
<arg>Wait Until Element Is Not Visible</arg>
<arg>css=.ant-modal-wrap</arg>
<arg>5s</arg>
<doc>Runs the given keyword with the given arguments and ignores possible error.</doc>
<status status="PASS" start="2026-01-08T10:41:39.921078" elapsed="5.117233"/>
</kw>
<kw name="Wait Until Element Is Visible" owner="SeleniumLibrary">
<arg>${locator}</arg>
<arg>10s</arg>
<doc>Waits until the element ``locator`` is visible.</doc>
<status status="PASS" start="2026-01-08T10:41:45.038417" elapsed="0.010529"/>
</kw>
<kw name="Scroll Element Into View" owner="SeleniumLibrary">
<arg>${locator}</arg>
<doc>Scrolls the element identified by ``locator`` into view.</doc>
<status status="PASS" start="2026-01-08T10:41:45.049091" elapsed="0.271824"/>
</kw>
<kw name="Sleep" owner="BuiltIn">
<msg time="2026-01-08T10:41:45.621682" level="INFO">Slept 300 milliseconds.</msg>
<arg>300ms</arg>
<doc>Pauses the test executed for the given time.</doc>
<status status="PASS" start="2026-01-08T10:41:45.321059" elapsed="0.300720"/>
</kw>
<kw name="Run Keyword And Return Status" owner="BuiltIn">
<kw name="Click Element" owner="SeleniumLibrary">
<msg time="2026-01-08T10:41:45.622292" level="INFO">Clicking element 'xpath=//div[contains(@class,'ant-modal')]//button[.//span[text()='Aplicar']]'.</msg>
<arg>${locator}</arg>
<doc>Click the element identified by ``locator``.</doc>
<status status="PASS" start="2026-01-08T10:41:45.622157" elapsed="0.047104"/>
</kw>
<msg time="2026-01-08T10:41:45.669386" level="INFO">${ok} = True</msg>
<var>${ok}</var>
<arg>Click Element</arg>
<arg>${locator}</arg>
<doc>Runs the specified keyword and returns the status as a Boolean value.</doc>
<status status="PASS" start="2026-01-08T10:41:45.621913" elapsed="0.047496"/>
</kw>
<kw name="Run Keyword If" owner="BuiltIn">
<arg>not ${ok}</arg>
<arg>Clique JS</arg>
<arg>${locator}</arg>
<doc>Runs the given keyword with the given arguments, if ``condition`` is true.</doc>
<status status="PASS" start="2026-01-08T10:41:45.669565" elapsed="0.000289"/>
</kw>
<arg>xpath=//div[contains(@class,'ant-modal')]//button[.//span[text()='Aplicar']]</arg>
<status status="PASS" start="2026-01-08T10:41:39.920839" elapsed="5.749073"/>
</kw>
<kw name="Wait Until Element Is Not Visible" owner="SeleniumLibrary">
<arg>css=.ant-modal-wrap</arg>
<arg>10s</arg>
<doc>Waits until the element ``locator`` is not visible.</doc>
<status status="PASS" start="2026-01-08T10:41:45.670001" elapsed="1.734133"/>
</kw>
<var name="${letra}">q</var>
<status status="PASS" start="2026-01-08T10:41:38.780733" elapsed="8.623470"/>
</iter>
<iter>
<kw name="Set Variable" owner="BuiltIn">
<msg time="2026-01-08T10:41:47.404641" level="INFO">${usuario} = usuario_r</msg>
<var>${usuario}</var>
<arg>usuario_${letra}</arg>
<doc>Returns the given values which can then be assigned to a variables.</doc>
<status status="PASS" start="2026-01-08T10:41:47.404416" elapsed="0.000245"/>
</kw>
<kw name="Set Variable" owner="BuiltIn">
<msg time="2026-01-08T10:41:47.404886" level="INFO">${senha} = senha_r123</msg>
<var>${senha}</var>
<arg>senha_${letra}123</arg>
<doc>Returns the given values which can then be assigned to a variables.</doc>
<status status="PASS" start="2026-01-08T10:41:47.404732" elapsed="0.000171"/>
</kw>
<kw name="Run Keyword And Return Status" owner="BuiltIn">
<kw name="Wait Until Element Is Visible" owner="SeleniumLibrary">
<arg>xpath=//button[.//span[text()='Adicionar']]</arg>
<arg>10s</arg>
<doc>Waits until the element ``locator`` is visible.</doc>
<status status="PASS" start="2026-01-08T10:41:47.405144" elapsed="0.007455"/>
</kw>
<msg time="2026-01-08T10:41:47.412726" level="INFO">${existe} = True</msg>
<var>${existe}</var>
<arg>Wait Until Element Is Visible</arg>
<arg>xpath=//button[.//span[text()='Adicionar']]</arg>
<arg>10s</arg>
<doc>Runs the specified keyword and returns the status as a Boolean value.</doc>
<status status="PASS" start="2026-01-08T10:41:47.404975" elapsed="0.007772"/>
</kw>
<kw name="Run Keyword If" owner="BuiltIn">
<arg>not ${existe}</arg>
<arg>Exit For Loop</arg>
<doc>Runs the given keyword with the given arguments, if ``condition`` is true.</doc>
<status status="PASS" start="2026-01-08T10:41:47.412852" elapsed="0.000243"/>
</kw>
<kw name="Run Keyword And Return Status" owner="BuiltIn">
<kw name="Element Should Be Enabled" owner="SeleniumLibrary">
<arg>xpath=//button[.//span[text()='Adicionar']]</arg>
<doc>Verifies that element identified by ``locator`` is enabled.</doc>
<status status="PASS" start="2026-01-08T10:41:47.413334" elapsed="0.010592"/>
</kw>
<msg time="2026-01-08T10:41:47.424045" level="INFO">${habilitado} = True</msg>
<var>${habilitado}</var>
<arg>Element Should Be Enabled</arg>
<arg>xpath=//button[.//span[text()='Adicionar']]</arg>
<doc>Runs the specified keyword and returns the status as a Boolean value.</doc>
<status status="PASS" start="2026-01-08T10:41:47.413173" elapsed="0.010893"/>
</kw>
<kw name="Run Keyword If" owner="BuiltIn">
<arg>not ${habilitado}</arg>
<arg>Exit For Loop</arg>
<doc>Runs the given keyword with the given arguments, if ``condition`` is true.</doc>
<status status="PASS" start="2026-01-08T10:41:47.424173" elapsed="0.000259"/>
</kw>
<kw name="Clique Seguro" owner="Usuarios_resource">
<kw name="Run Keyword And Ignore Error" owner="BuiltIn">
<kw name="Wait Until Element Is Not Visible" owner="SeleniumLibrary">
<arg>css=.ant-modal-wrap</arg>
<arg>5s</arg>
<doc>Waits until the element ``locator`` is not visible.</doc>
<status status="PASS" start="2026-01-08T10:41:47.424897" elapsed="0.007358"/>
</kw>
<arg>Wait Until Element Is Not Visible</arg>
<arg>css=.ant-modal-wrap</arg>
<arg>5s</arg>
<doc>Runs the given keyword with the given arguments and ignores possible error.</doc>
<status status="PASS" start="2026-01-08T10:41:47.424728" elapsed="0.007605"/>
</kw>
<kw name="Wait Until Element Is Visible" owner="SeleniumLibrary">
<arg>${locator}</arg>
<arg>10s</arg>
<doc>Waits until the element ``locator`` is visible.</doc>
<status status="PASS" start="2026-01-08T10:41:47.432435" elapsed="0.017170"/>
</kw>
<kw name="Scroll Element Into View" owner="SeleniumLibrary">
<arg>${locator}</arg>
<doc>Scrolls the element identified by ``locator`` into view.</doc>
<status status="PASS" start="2026-01-08T10:41:47.449821" elapsed="0.285367"/>
</kw>
<kw name="Sleep" owner="BuiltIn">
<msg time="2026-01-08T10:41:48.036331" level="INFO">Slept 300 milliseconds.</msg>
<arg>300ms</arg>
<doc>Pauses the test executed for the given time.</doc>
<status status="PASS" start="2026-01-08T10:41:47.735336" elapsed="0.301093"/>
</kw>
<kw name="Run Keyword And Return Status" owner="BuiltIn">
<kw name="Click Element" owner="SeleniumLibrary">
<msg time="2026-01-08T10:41:48.037021" level="INFO">Clicking element 'xpath=//button[.//span[text()='Adicionar']]'.</msg>
<arg>${locator}</arg>
<doc>Click the element identified by ``locator``.</doc>
<status status="PASS" start="2026-01-08T10:41:48.036875" elapsed="0.082335"/>
</kw>
<msg time="2026-01-08T10:41:48.119335" level="INFO">${ok} = True</msg>
<var>${ok}</var>
<arg>Click Element</arg>
<arg>${locator}</arg>
<doc>Runs the specified keyword and returns the status as a Boolean value.</doc>
<status status="PASS" start="2026-01-08T10:41:48.036622" elapsed="0.082735"/>
</kw>
<kw name="Run Keyword If" owner="BuiltIn">
<arg>not ${ok}</arg>
<arg>Clique JS</arg>
<arg>${locator}</arg>
<doc>Runs the given keyword with the given arguments, if ``condition`` is true.</doc>
<status status="PASS" start="2026-01-08T10:41:48.119470" elapsed="0.000285"/>
</kw>
<arg>xpath=//button[.//span[text()='Adicionar']]</arg>
<status status="PASS" start="2026-01-08T10:41:47.424560" elapsed="0.695256"/>
</kw>
<kw name="Wait Until Element Is Visible" owner="SeleniumLibrary">
<arg>id=add_user_form_Name</arg>
<arg>10s</arg>
<doc>Waits until the element ``locator`` is visible.</doc>
<status status="PASS" start="2026-01-08T10:41:48.119901" elapsed="0.225821"/>
</kw>
<kw name="Input Text" owner="SeleniumLibrary">
<msg time="2026-01-08T10:41:48.346066" level="INFO">Typing text 'usuario_r' into text field 'id=add_user_form_Name'.</msg>
<arg>id=add_user_form_Name</arg>
<arg>${usuario}</arg>
<doc>Types the given ``text`` into the text field identified by ``locator``.</doc>
<status status="PASS" start="2026-01-08T10:41:48.345880" elapsed="0.104890"/>
</kw>
<kw name="Input Text" owner="SeleniumLibrary">
<msg time="2026-01-08T10:41:48.451473" level="INFO">Typing text 'senha_r123' into text field 'css=input.passwordCheck-new'.</msg>
<arg>css=input.passwordCheck-new</arg>
<arg>${senha}</arg>
<doc>Types the given ``text`` into the text field identified by ``locator``.</doc>
<status status="PASS" start="2026-01-08T10:41:48.451113" elapsed="0.074030"/>
</kw>
<kw name="Input Text" owner="SeleniumLibrary">
<msg time="2026-01-08T10:41:48.525703" level="INFO">Typing text 'senha_r123' into text field 'css=input.passwordCheck-confirm'.</msg>
<arg>css=input.passwordCheck-confirm</arg>
<arg>${senha}</arg>
<doc>Types the given ``text`` into the text field identified by ``locator``.</doc>
<status status="PASS" start="2026-01-08T10:41:48.525374" elapsed="0.066918"/>
</kw>
<kw name="Clique Seguro" owner="Usuarios_resource">
<kw name="Run Keyword And Ignore Error" owner="BuiltIn">
<kw name="Wait Until Element Is Not Visible" owner="SeleniumLibrary">
<msg time="2026-01-08T10:41:53.734570" level="INFO" html="true">&lt;/td&gt;&lt;/tr&gt;&lt;tr&gt;&lt;td colspan="3"&gt;&lt;a href="selenium-screenshot-128.png"&gt;&lt;img src="selenium-screenshot-128.png" width="800px"&gt;&lt;/a&gt;</msg>
<msg time="2026-01-08T10:41:53.734718" level="FAIL">Element 'css=.ant-modal-wrap' still visible after 5 seconds.</msg>
<arg>css=.ant-modal-wrap</arg>
<arg>5s</arg>
<doc>Waits until the element ``locator`` is not visible.</doc>
<status status="FAIL" start="2026-01-08T10:41:48.592955" elapsed="5.142395">Element 'css=.ant-modal-wrap' still visible after 5 seconds.</status>
</kw>
<arg>Wait Until Element Is Not Visible</arg>
<arg>css=.ant-modal-wrap</arg>
<arg>5s</arg>
<doc>Runs the given keyword with the given arguments and ignores possible error.</doc>
<status status="PASS" start="2026-01-08T10:41:48.592731" elapsed="5.142697"/>
</kw>
<kw name="Wait Until Element Is Visible" owner="SeleniumLibrary">
<arg>${locator}</arg>
<arg>10s</arg>
<doc>Waits until the element ``locator`` is visible.</doc>
<status status="PASS" start="2026-01-08T10:41:53.735531" elapsed="0.008732"/>
</kw>
<kw name="Scroll Element Into View" owner="SeleniumLibrary">
<arg>${locator}</arg>
<doc>Scrolls the element identified by ``locator`` into view.</doc>
<status status="PASS" start="2026-01-08T10:41:53.744402" elapsed="0.276453"/>
</kw>
<kw name="Sleep" owner="BuiltIn">
<msg time="2026-01-08T10:41:54.321552" level="INFO">Slept 300 milliseconds.</msg>
<arg>300ms</arg>
<doc>Pauses the test executed for the given time.</doc>
<status status="PASS" start="2026-01-08T10:41:54.020994" elapsed="0.300658"/>
</kw>
<kw name="Run Keyword And Return Status" owner="BuiltIn">
<kw name="Click Element" owner="SeleniumLibrary">
<msg time="2026-01-08T10:41:54.322197" level="INFO">Clicking element 'xpath=//div[contains(@class,'ant-modal')]//button[.//span[text()='Aplicar']]'.</msg>
<arg>${locator}</arg>
<doc>Click the element identified by ``locator``.</doc>
<status status="PASS" start="2026-01-08T10:41:54.322051" elapsed="0.050773"/>
</kw>
<msg time="2026-01-08T10:41:54.373015" level="INFO">${ok} = True</msg>
<var>${ok}</var>
<arg>Click Element</arg>
<arg>${locator}</arg>
<doc>Runs the specified keyword and returns the status as a Boolean value.</doc>
<status status="PASS" start="2026-01-08T10:41:54.321792" elapsed="0.051246"/>
</kw>
<kw name="Run Keyword If" owner="BuiltIn">
<arg>not ${ok}</arg>
<arg>Clique JS</arg>
<arg>${locator}</arg>
<doc>Runs the given keyword with the given arguments, if ``condition`` is true.</doc>
<status status="PASS" start="2026-01-08T10:41:54.373156" elapsed="0.000396"/>
</kw>
<arg>xpath=//div[contains(@class,'ant-modal')]//button[.//span[text()='Aplicar']]</arg>
<status status="PASS" start="2026-01-08T10:41:48.592505" elapsed="5.781137"/>
</kw>
<kw name="Wait Until Element Is Not Visible" owner="SeleniumLibrary">
<arg>css=.ant-modal-wrap</arg>
<arg>10s</arg>
<doc>Waits until the element ``locator`` is not visible.</doc>
<status status="PASS" start="2026-01-08T10:41:54.373747" elapsed="1.605344"/>
</kw>
<var name="${letra}">r</var>
<status status="PASS" start="2026-01-08T10:41:47.404335" elapsed="8.574825"/>
</iter>
<iter>
<kw name="Set Variable" owner="BuiltIn">
<msg time="2026-01-08T10:41:55.979642" level="INFO">${usuario} = usuario_s</msg>
<var>${usuario}</var>
<arg>usuario_${letra}</arg>
<doc>Returns the given values which can then be assigned to a variables.</doc>
<status status="PASS" start="2026-01-08T10:41:55.979375" elapsed="0.000289"/>
</kw>
<kw name="Set Variable" owner="BuiltIn">
<msg time="2026-01-08T10:41:55.979899" level="INFO">${senha} = senha_s123</msg>
<var>${senha}</var>
<arg>senha_${letra}123</arg>
<doc>Returns the given values which can then be assigned to a variables.</doc>
<status status="PASS" start="2026-01-08T10:41:55.979745" elapsed="0.000175"/>
</kw>
<kw name="Run Keyword And Return Status" owner="BuiltIn">
<kw name="Wait Until Element Is Visible" owner="SeleniumLibrary">
<arg>xpath=//button[.//span[text()='Adicionar']]</arg>
<arg>10s</arg>
<doc>Waits until the element ``locator`` is visible.</doc>
<status status="PASS" start="2026-01-08T10:41:55.980139" elapsed="0.010835"/>
</kw>
<msg time="2026-01-08T10:41:55.991095" level="INFO">${existe} = True</msg>
<var>${existe}</var>
<arg>Wait Until Element Is Visible</arg>
<arg>xpath=//button[.//span[text()='Adicionar']]</arg>
<arg>10s</arg>
<doc>Runs the specified keyword and returns the status as a Boolean value.</doc>
<status status="PASS" start="2026-01-08T10:41:55.979986" elapsed="0.011130"/>
</kw>
<kw name="Run Keyword If" owner="BuiltIn">
<arg>not ${existe}</arg>
<arg>Exit For Loop</arg>
<doc>Runs the given keyword with the given arguments, if ``condition`` is true.</doc>
<status status="PASS" start="2026-01-08T10:41:55.991231" elapsed="0.000256"/>
</kw>
<kw name="Run Keyword And Return Status" owner="BuiltIn">
<kw name="Element Should Be Enabled" owner="SeleniumLibrary">
<msg time="2026-01-08T10:41:56.144323" level="INFO" html="true">&lt;/td&gt;&lt;/tr&gt;&lt;tr&gt;&lt;td colspan="3"&gt;&lt;a href="selenium-screenshot-129.png"&gt;&lt;img src="selenium-screenshot-129.png" width="800px"&gt;&lt;/a&gt;</msg>
<msg time="2026-01-08T10:41:56.144493" level="FAIL">Element 'xpath=//button[.//span[text()='Adicionar']]' is disabled.</msg>
<arg>xpath=//button[.//span[text()='Adicionar']]</arg>
<doc>Verifies that element identified by ``locator`` is enabled.</doc>
<status status="FAIL" start="2026-01-08T10:41:55.991735" elapsed="0.153542">Element 'xpath=//button[.//span[text()='Adicionar']]' is disabled.</status>
</kw>
<msg time="2026-01-08T10:41:56.145391" level="INFO">${habilitado} = False</msg>
<var>${habilitado}</var>
<arg>Element Should Be Enabled</arg>
<arg>xpath=//button[.//span[text()='Adicionar']]</arg>
<doc>Runs the specified keyword and returns the status as a Boolean value.</doc>
<status status="PASS" start="2026-01-08T10:41:55.991572" elapsed="0.153839"/>
</kw>
<kw name="Run Keyword If" owner="BuiltIn">
<kw name="Exit For Loop" owner="BuiltIn">
<msg time="2026-01-08T10:41:56.145907" level="INFO">Exiting for loop altogether.</msg>
<doc>Stops executing the enclosing FOR loop.</doc>
<status status="PASS" start="2026-01-08T10:41:56.145791" elapsed="0.000160"/>
</kw>
<arg>not ${habilitado}</arg>
<arg>Exit For Loop</arg>
<doc>Runs the given keyword with the given arguments, if ``condition`` is true.</doc>
<status status="PASS" start="2026-01-08T10:41:56.145518" elapsed="0.000468"/>
</kw>
<kw name="Clique Seguro" owner="Usuarios_resource">
<arg>xpath=//button[.//span[text()='Adicionar']]</arg>
<status status="NOT RUN" start="2026-01-08T10:41:56.146093" elapsed="0.000025"/>
</kw>
<kw name="Wait Until Element Is Visible" owner="SeleniumLibrary">
<arg>id=add_user_form_Name</arg>
<arg>10s</arg>
<doc>Waits until the element ``locator`` is visible.</doc>
<status status="NOT RUN" start="2026-01-08T10:41:56.146183" elapsed="0.000016"/>
</kw>
<kw name="Input Text" owner="SeleniumLibrary">
<arg>id=add_user_form_Name</arg>
<arg>${usuario}</arg>
<doc>Types the given ``text`` into the text field identified by ``locator``.</doc>
<status status="NOT RUN" start="2026-01-08T10:41:56.146255" elapsed="0.000015"/>
</kw>
<kw name="Input Text" owner="SeleniumLibrary">
<arg>css=input.passwordCheck-new</arg>
<arg>${senha}</arg>
<doc>Types the given ``text`` into the text field identified by ``locator``.</doc>
<status status="NOT RUN" start="2026-01-08T10:41:56.146320" elapsed="0.000014"/>
</kw>
<kw name="Input Text" owner="SeleniumLibrary">
<arg>css=input.passwordCheck-confirm</arg>
<arg>${senha}</arg>
<doc>Types the given ``text`` into the text field identified by ``locator``.</doc>
<status status="NOT RUN" start="2026-01-08T10:41:56.146381" elapsed="0.000013"/>
</kw>
<kw name="Clique Seguro" owner="Usuarios_resource">
<arg>xpath=//div[contains(@class,'ant-modal')]//button[.//span[text()='Aplicar']]</arg>
<status status="NOT RUN" start="2026-01-08T10:41:56.146470" elapsed="0.000016"/>
</kw>
<kw name="Wait Until Element Is Not Visible" owner="SeleniumLibrary">
<arg>css=.ant-modal-wrap</arg>
<arg>10s</arg>
<doc>Waits until the element ``locator`` is not visible.</doc>
<status status="NOT RUN" start="2026-01-08T10:41:56.146536" elapsed="0.000015"/>
</kw>
<var name="${letra}">s</var>
<status status="PASS" start="2026-01-08T10:41:55.979288" elapsed="0.167289"/>
</iter>
<var>${letra}</var>
<value>@{LETRAS}</value>
<status status="PASS" start="2026-01-08T10:39:22.610851" elapsed="153.535760"/>
</for>
<status status="PASS" start="2026-01-08T10:39:22.610475" elapsed="153.536200"/>
</kw>
<status status="PASS" start="2026-01-08T10:39:11.822100" elapsed="164.324901"/>
</test>
<status status="PASS" start="2026-01-08T10:39:11.613115" elapsed="164.534646"/>
</suite>
<statistics>
<total>
<stat pass="1" fail="0" skip="0">All Tests</stat>
</total>
<tag>
</tag>
<suite>
<stat name="Usuarios" id="s1" pass="1" fail="0" skip="0">Usuarios</stat>
</suite>
</statistics>
<errors>
</errors>
</robot>
